#
# There is insufficient memory for the Java Runtime Environment to continue.
# Native memory allocation (malloc) failed to allocate 1392496 bytes. Error detail: Chunk::new
# Possible reasons:
#   The system is out of physical RAM or swap space
#   This process is running with CompressedOops enabled, and the Java Heap may be blocking the growth of the native heap
# Possible solutions:
#   Reduce memory load on the system
#   Increase physical memory or swap space
#   Check if swap backing store is full
#   Decrease Java heap size (-Xmx/-Xms)
#   Decrease number of Java threads
#   Decrease Java thread stack sizes (-Xss)
#   Set larger code cache with -XX:ReservedCodeCacheSize=
#   JVM is running with Unscaled Compressed Oops mode in which the Java heap is
#     placed in the first 4GB address space. The Java Heap base address is the
#     maximum limit for the native heap growth. Please use -XX:HeapBaseMinAddress
#     to set the Java Heap base and to place the Java Heap above 4GB virtual address.
# This output file may be truncated or incomplete.
#
#  Out of Memory Error (arena.cpp:168), pid=14352, tid=44332
#
# JRE version: OpenJDK Runtime Environment Temurin-21.0.7+6 (21.0.7+6) (build 21.0.7+6-LTS)
# Java VM: OpenJDK 64-Bit Server VM Temurin-21.0.7+6 (21.0.7+6-LTS, mixed mode, sharing, tiered, compressed oops, compressed class ptrs, parallel gc, windows-amd64)
# No core dump will be written. Minidumps are not enabled by default on client versions of Windows
#

---------------  S U M M A R Y ------------

Command Line: --add-modules=ALL-SYSTEM --add-opens=java.base/java.util=ALL-UNNAMED --add-opens=java.base/java.lang=ALL-UNNAMED --add-opens=java.base/sun.nio.fs=ALL-UNNAMED -Declipse.application=org.eclipse.jdt.ls.core.id1 -Dosgi.bundles.defaultStartLevel=4 -Declipse.product=org.eclipse.jdt.ls.core.product -Djava.import.generatesMetadataFilesAtProjectRoot=false -DDetectVMInstallationsJob.disabled=true -Dfile.encoding=utf8 -XX:+UseParallelGC -XX:GCTimeRatio=4 -XX:AdaptiveSizePolicyWeight=90 -Dsun.zip.disableMemoryMapping=true -Xmx1G -Xms100m -Xlog:disable -javaagent:c:\Users\NataliyaDmitriyenko\.vscode\extensions\redhat.java-1.43.2025052308-win32-x64\lombok\lombok-1.18.36.jar -XX:+HeapDumpOnOutOfMemoryError -XX:HeapDumpPath=c:\Users\NataliyaDmitriyenko\AppData\Roaming\Code\User\workspaceStorage\65ec7478522f7bd1bb10768280e073b5\redhat.java -Daether.dependencyCollector.impl=bf c:\Users\NataliyaDmitriyenko\.vscode\extensions\redhat.java-1.43.2025052308-win32-x64\server\plugins\org.eclipse.equinox.launcher_1.7.0.v20250519-0528.jar -configuration c:\Users\NataliyaDmitriyenko\AppData\Roaming\Code\User\globalStorage\redhat.java\1.43.2025052308\config_win -data c:\Users\NataliyaDmitriyenko\AppData\Roaming\Code\User\workspaceStorage\65ec7478522f7bd1bb10768280e073b5\redhat.java\jdt_ws --pipe=\\.\pipe\lsp-2303d3d2da42a31a5895bf350c316d81-sock

Host: 13th Gen Intel(R) Core(TM) i5-1334U, 12 cores, 15G,  Windows 11 , 64 bit Build 26100 (10.0.26100.3775)
Time: Fri May 23 20:44:10 2025 Stindows 11 , 64 bit Build 26100 (10.0.26100.3775) elapsed time: 39.132136 seconds (0d 0h 0m 39s)

---------------  T H R E A D  ---------------

Current thread (0x00000267e6a63f50):  JavaThread "C2 CompilerThread0" daemon [_thread_in_native, id=44332, stack(0x00000082a5f00000,0x00000082a6000000) (1024K)]


Current CompileTask:
C2:39132 12053   !   4       org.eclipse.jdt.internal.core.index.DiskIndex::mergeWith (623 bytes)

Stack: [0x00000082a5f00000,0x00000082a6000000]
Native frames: (J=compiled Java code, j=interpreted, Vv=VM code, C=native code)
V  [jvm.dll+0x6ce119]
V  [jvm.dll+0x8a84a1]
V  [jvm.dll+0x8aa9ce]
V  [jvm.dll+0x8ab0b3]
V  [jvm.dll+0x27f8a6]
V  [jvm.dll+0xc507d]
V  [jvm.dll+0xc55b3]
V  [jvm.dll+0x3b68f2]
V  [jvm.dll+0x1dfe33]
V  [jvm.dll+0x247c42]
V  [jvm.dll+0x2470cf]
V  [jvm.dll+0x1c760e]
V  [jvm.dll+0x25695a]
V  [jvm.dll+0x254efa]
V  [jvm.dll+0x3f03f6]
V  [jvm.dll+0x851f6b]
V  [jvm.dll+0x6cc7dd]
C  [ucrtbase.dll+0x37b0]
C  [KERNEL32.DLL+0x2e8d7]
C  [ntdll.dll+0xb14fc]


---------------  P R O C E S S  ---------------

Threads class SMR info:
_java_thread_list=0x00000267ff03f200, length=47, elements={
0x00000267e69b3a10, 0x00000267fb54d0d0, 0x00000267e6a58f70, 0x00000267e6a5e2c0,
0x00000267e6a5ee40, 0x00000267e6a5f890, 0x00000267e6a602e0, 0x00000267e6a63f50,
0x00000267fc9e9f80, 0x00000267fca99360, 0x00000267fcce7db0, 0x00000267fe00db40,
0x00000267fdc38af0, 0x00000267fe152e40, 0x00000267fe151a90, 0x00000267fe151400,
0x00000267fe22aa40, 0x00000267fe229690, 0x00000267fe228970, 0x00000267fe2275c0,
0x00000267fe229d20, 0x00000267fe229000, 0x00000267fe22b0d0, 0x00000267fe227c50,
0x00000267fe22b760, 0x00000267fe2282e0, 0x00000267fe22bdf0, 0x00000267fe22c480,
0x00000267fe22cb10, 0x00000267fe22d1a0, 0x00000267fe22d830, 0x00000267fe22dec0,
0x00000267fe22e550, 0x00000267fe22ebe0, 0x00000267c6f04ab0, 0x00000267c6f06b80,
0x00000267c6f057d0, 0x00000267c6f085c0, 0x00000267c6f05140, 0x00000267c6f08c50,
0x00000267c6f07210, 0x00000267c6f05e60, 0x00000267c6f0a690, 0x00000267c6f0b3b0,
0x00000267c6f0ba40, 0x00000267fe22a3b0, 0x00000267c79f4320
}

Java Threads: ( => current thread )
  0x00000267e69b3a10 JavaThread "main"                              [_thread_blocked, id=12612, stack(0x00000082a5500000,0x00000082a5600000) (1024K)]
  0x00000267fb54d0d0 JavaThread "Reference Handler"          daemon [_thread_blocked, id=8428, stack(0x00000082a5900000,0x00000082a5a00000) (1024K)]
  0x00000267e6a58f70 JavaThread "Finalizer"                  daemon [_thread_blocked, id=3952, stack(0x00000082a5a00000,0x00000082a5b00000) (1024K)]
  0x00000267e6a5e2c0 JavaThread "Signal Dispatcher"          daemon [_thread_blocked, id=31024, stack(0x00000082a5b00000,0x00000082a5c00000) (1024K)]
  0x00000267e6a5ee40 JavaThread "Attach Listener"            daemon [_thread_blocked, id=28792, stack(0x00000082a5c00000,0x00000082a5d00000) (1024K)]
  0x00000267e6a5f890 JavaThread "Service Thread"             daemon [_thread_blocked, id=58524, stack(0x00000082a5d00000,0x00000082a5e00000) (1024K)]
  0x00000267e6a602e0 JavaThread "Monitor Deflation Thread"   daemon [_thread_blocked, id=45896, stack(0x00000082a5e00000,0x00000082a5f00000) (1024K)]
=>0x00000267e6a63f50 JavaThread "C2 CompilerThread0"         daemon [_thread_in_native, id=44332, stack(0x00000082a5f00000,0x00000082a6000000) (1024K)]
  0x00000267fc9e9f80 JavaThread "C1 CompilerThread0"         daemon [_thread_blocked, id=55788, stack(0x00000082a6000000,0x00000082a6100000) (1024K)]
  0x00000267fca99360 JavaThread "Common-Cleaner"             daemon [_thread_blocked, id=9796, stack(0x00000082a6100000,0x00000082a6200000) (1024K)]
  0x00000267fcce7db0 JavaThread "Notification Thread"        daemon [_thread_blocked, id=57280, stack(0x00000082a6300000,0x00000082a6400000) (1024K)]
  0x00000267fe00db40 JavaThread "Active Thread: Equinox Container: d1cfd04f-4a5e-4bd1-bde0-07eb3aced062"        [_thread_blocked, id=38608, stack(0x00000082a7000000,0x00000082a7100000) (1024K)]
  0x00000267fdc38af0 JavaThread "Framework Event Dispatcher: Equinox Container: d1cfd04f-4a5e-4bd1-bde0-07eb3aced062" daemon [_thread_blocked, id=12708, stack(0x00000082a7100000,0x00000082a7200000) (1024K)]
  0x00000267fe152e40 JavaThread "Start Level: Equinox Container: d1cfd04f-4a5e-4bd1-bde0-07eb3aced062" daemon [_thread_blocked, id=58288, stack(0x00000082a7200000,0x00000082a7300000) (1024K)]
  0x00000267fe151a90 JavaThread "Refresh Thread: Equinox Container: d1cfd04f-4a5e-4bd1-bde0-07eb3aced062" daemon [_thread_blocked, id=52920, stack(0x00000082a7400000,0x00000082a7500000) (1024K)]
  0x00000267fe151400 JavaThread "Bundle File Closer"         daemon [_thread_blocked, id=59328, stack(0x00000082a7e00000,0x00000082a7f00000) (1024K)]
  0x00000267fe22aa40 JavaThread "SCR Component Actor"        daemon [_thread_blocked, id=53148, stack(0x00000082a6200000,0x00000082a6300000) (1024K)]
  0x00000267fe229690 JavaThread "Worker-JM"                         [_thread_blocked, id=30332, stack(0x00000082a8000000,0x00000082a8100000) (1024K)]
  0x00000267fe228970 JavaThread "Worker-0: Java indexing... "        [_thread_blocked, id=29532, stack(0x00000082a7f00000,0x00000082a8000000) (1024K)]
  0x00000267fe2275c0 JavaThread "Worker-1: Initialize workspace"        [_thread_blocked, id=23096, stack(0x00000082a8100000,0x00000082a8200000) (1024K)]
  0x00000267fe229d20 JavaThread "Java indexing"              daemon [_thread_in_Java, id=54476, stack(0x00000082a8400000,0x00000082a8500000) (1024K)]
  0x00000267fe229000 JavaThread "Worker-2"                          [_thread_blocked, id=50548, stack(0x00000082a8500000,0x00000082a8600000) (1024K)]
  0x00000267fe22b0d0 JavaThread "JNA Cleaner"                daemon [_thread_blocked, id=61336, stack(0x00000082a8600000,0x00000082a8700000) (1024K)]
  0x00000267fe227c50 JavaThread "Worker-3"                          [_thread_blocked, id=33688, stack(0x00000082a8a00000,0x00000082a8b00000) (1024K)]
  0x00000267fe22b760 JavaThread "Worker-4"                          [_thread_blocked, id=14132, stack(0x00000082a8b00000,0x00000082a8c00000) (1024K)]
  0x00000267fe2282e0 JavaThread "Worker-5"                          [_thread_blocked, id=59188, stack(0x00000082a8c00000,0x00000082a8d00000) (1024K)]
  0x00000267fe22bdf0 JavaThread "Thread-2"                   daemon [_thread_in_native, id=59544, stack(0x00000082a8d00000,0x00000082a8e00000) (1024K)]
  0x00000267fe22c480 JavaThread "Thread-3"                   daemon [_thread_in_native, id=27344, stack(0x00000082a8e00000,0x00000082a8f00000) (1024K)]
  0x00000267fe22cb10 JavaThread "Thread-4"                   daemon [_thread_in_native, id=55980, stack(0x00000082a8f00000,0x00000082a9000000) (1024K)]
  0x00000267fe22d1a0 JavaThread "Thread-5"                   daemon [_thread_in_native, id=40800, stack(0x00000082a9000000,0x00000082a9100000) (1024K)]
  0x00000267fe22d830 JavaThread "Thread-6"                   daemon [_thread_in_native, id=23444, stack(0x00000082a9100000,0x00000082a9200000) (1024K)]
  0x00000267fe22dec0 JavaThread "Thread-7"                   daemon [_thread_in_native, id=34996, stack(0x00000082a9200000,0x00000082a9300000) (1024K)]
  0x00000267fe22e550 JavaThread "Thread-8"                   daemon [_thread_in_native, id=11660, stack(0x00000082a9300000,0x00000082a9400000) (1024K)]
  0x00000267fe22ebe0 JavaThread "Thread-9"                   daemon [_thread_in_native, id=58340, stack(0x00000082a9400000,0x00000082a9500000) (1024K)]
  0x00000267c6f04ab0 JavaThread "Thread-10"                  daemon [_thread_in_native, id=38876, stack(0x00000082a9500000,0x00000082a9600000) (1024K)]
  0x00000267c6f06b80 JavaThread "Thread-11"                  daemon [_thread_in_native, id=1420, stack(0x00000082a9600000,0x00000082a9700000) (1024K)]
  0x00000267c6f057d0 JavaThread "Thread-12"                  daemon [_thread_in_native, id=42324, stack(0x00000082a9700000,0x00000082a9800000) (1024K)]
  0x00000267c6f085c0 JavaThread "Thread-13"                  daemon [_thread_in_native, id=46116, stack(0x00000082a9800000,0x00000082a9900000) (1024K)]
  0x00000267c6f05140 JavaThread "Thread-14"                  daemon [_thread_in_native, id=49688, stack(0x00000082a9900000,0x00000082a9a00000) (1024K)]
  0x00000267c6f08c50 JavaThread "pool-2-thread-1"                   [_thread_blocked, id=52304, stack(0x00000082a9a00000,0x00000082a9b00000) (1024K)]
  0x00000267c6f07210 JavaThread "WorkspaceEventsHandler"            [_thread_blocked, id=29908, stack(0x00000082a9c00000,0x00000082a9d00000) (1024K)]
  0x00000267c6f05e60 JavaThread "pool-1-thread-1"                   [_thread_blocked, id=58724, stack(0x00000082a9d00000,0x00000082a9e00000) (1024K)]
  0x00000267c6f0a690 JavaThread "Compiler Source File Reader" daemon [_thread_blocked, id=53664, stack(0x00000082a9e00000,0x00000082a9f00000) (1024K)]
  0x00000267c6f0b3b0 JavaThread "Compiler Processing Task"   daemon [_thread_blocked, id=45120, stack(0x00000082a9f00000,0x00000082aa000000) (1024K)]
  0x00000267c6f0ba40 JavaThread "Compiler Class File Writer" daemon [_thread_blocked, id=59896, stack(0x00000082aa000000,0x00000082aa100000) (1024K)]
  0x00000267fe22a3b0 JavaThread "Compiler Source File Reader" daemon [_thread_blocked, id=56620, stack(0x00000082aa100000,0x00000082aa200000) (1024K)]
  0x00000267c79f4320 JavaThread "Compiler Class File Writer" daemon [_thread_blocked, id=58600, stack(0x00000082aa200000,0x00000082aa300000) (1024K)]
Total: 47

Other Threads:
  0x00000267fc9c10a0 VMThread "VM Thread"                           [id=58112, stack(0x00000082a5800000,0x00000082a5900000) (1024K)]
  0x00000267fb42ca00 WatcherThread "VM Periodic Task Thread"        [id=22476, stack(0x00000082a5700000,0x00000082a5800000) (1024K)]
  0x00000267e69d4f90 WorkerThread "GC Thread#0"                     [id=49844, stack(0x00000082a5600000,0x00000082a5700000) (1024K)]
  0x00000267fd993640 WorkerThread "GC Thread#1"                     [id=38440, stack(0x00000082a6400000,0x00000082a6500000) (1024K)]
  0x00000267fde8d6c0 WorkerThread "GC Thread#2"                     [id=4912, stack(0x00000082a6500000,0x00000082a6600000) (1024K)]
  0x00000267fdb53c00 WorkerThread "GC Thread#3"                     [id=54520, stack(0x00000082a6600000,0x00000082a6700000) (1024K)]
  0x00000267fdb53fa0 WorkerThread "GC Thread#4"                     [id=30632, stack(0x00000082a6700000,0x00000082a6800000) (1024K)]
  0x00000267fd98f230 WorkerThread "GC Thread#5"                     [id=38464, stack(0x00000082a6800000,0x00000082a6900000) (1024K)]
  0x00000267fd98f9d0 WorkerThread "GC Thread#6"                     [id=53092, stack(0x00000082a6900000,0x00000082a6a00000) (1024K)]
  0x00000267fe079260 WorkerThread "GC Thread#7"                     [id=42052, stack(0x00000082a7300000,0x00000082a7400000) (1024K)]
  0x00000267fe0a8e90 WorkerThread "GC Thread#8"                     [id=49348, stack(0x00000082a7c00000,0x00000082a7d00000) (1024K)]
  0x00000267fe0a9230 WorkerThread "GC Thread#9"                     [id=50216, stack(0x00000082a7d00000,0x00000082a7e00000) (1024K)]
Total: 12

Threads with active compile tasks:
C2 CompilerThread0  39176 12053   !   4       org.eclipse.jdt.internal.core.index.DiskIndex::mergeWith (623 bytes)
Total: 1

VM state: not at safepoint (normal execution)

VM Mutex/Monitor currently owned by a thread: None

Heap address: 0x00000000c0000000, size: 1024 MB, Compressed Oops mode: 32-bit

CDS archive(s) mapped at: [0x0000026780000000-0x0000026780ba0000-0x0000026780ba0000), size 12189696, SharedBaseAddress: 0x0000026780000000, ArchiveRelocationMode: 1.
Compressed class space mapped at: 0x0000026781000000-0x00000267c1000000, reserved size: 1073741824
Narrow klass base: 0x0000026780000000, Narrow klass shift: 0, Narrow klass range: 0x100000000

GC Precious Log:
 CardTable entry size: 512
 CPUs: 12 total, 12 available
 Memory: 16068M
 Large Page Support: Disabled
 NUMA Support: Disabled
 Compressed Oops: Enabled (32-bit)
 Alignments: Space 512K, Generation 512K, Heap 2M
 Heap Min Capacity: 100M
 Heap Initial Capacity: 100M
 Heap Max Capacity: 1G
 Pre-touch: Disabled
 Parallel Workers: 10

Heap:
 PSYoungGen      total 7168K, used 4635K [0x00000000eab00000, 0x00000000eb600000, 0x0000000100000000)
  eden space 6656K, 62% used [0x00000000eab00000,0x00000000eaf097d8,0x00000000eb180000)
  from space 512K, 98% used [0x00000000eb580000,0x00000000eb5fd808,0x00000000eb600000)
  to   space 2048K, 0% used [0x00000000eb200000,0x00000000eb200000,0x00000000eb400000)
 ParOldGen       total 601088K, used 600589K [0x00000000c0000000, 0x00000000e4b00000, 0x00000000eab00000)
  object space 601088K, 99% used [0x00000000c0000000,0x00000000e4a83618,0x00000000e4b00000)
 Metaspace       used 66766K, committed 68288K, reserved 1114112K
  class space    used 7069K, committed 7744K, reserved 1048576K

Card table byte_map: [0x00000267f8de0000,0x00000267f8ff0000] _byte_map_base: 0x00000267f87e0000

Marking Bits: (ParMarkBitMap*) 0x00007ffe97ee31f0
 Begin Bits: [0x00000267f9150000, 0x00000267fa150000)
 End Bits:   [0x00000267fa150000, 0x00000267fb150000)

Polling page: 0x00000267e51a0000

Metaspace:

Usage:
  Non-class:     58.30 MB used.
      Class:      6.90 MB used.
       Both:     65.20 MB used.

Virtual space:
  Non-class space:       64.00 MB reserved,      59.12 MB ( 92%) committed,  1 nodes.
      Class space:        1.00 GB reserved,       7.56 MB ( <1%) committed,  1 nodes.
             Both:        1.06 GB reserved,      66.69 MB (  6%) committed. 

Chunk freelists:
   Non-Class:  4.31 MB
       Class:  8.33 MB
        Both:  12.64 MB

MaxMetaspaceSize: unlimited
CompressedClassSpaceSize: 1.00 GB
Initial GC threshold: 21.00 MB
Current GC threshold: 97.31 MB
CDS: on
 - commit_granule_bytes: 65536.
 - commit_granule_words: 8192.
 - virtual_space_node_default_size: 8388608.
 - enlarge_chunks_in_place: 1.
 - use_allocation_guard: 0.


Internal statistics:

num_allocs_failed_limit: 9.
num_arena_births: 1160.
num_arena_deaths: 22.
num_vsnodes_births: 2.
num_vsnodes_deaths: 0.
num_space_committed: 1067.
num_space_uncommitted: 0.
num_chunks_returned_to_freelist: 35.
num_chunks_taken_from_freelist: 4016.
num_chunk_merges: 14.
num_chunk_splits: 2540.
num_chunks_enlarged: 1536.
num_inconsistent_stats: 0.

CodeHeap 'non-profiled nmethods': size=120000Kb used=9472Kb max_used=9472Kb free=110527Kb
 bounds [0x00000267f16d0000, 0x00000267f2020000, 0x00000267f8c00000]
CodeHeap 'profiled nmethods': size=120000Kb used=24942Kb max_used=24942Kb free=95057Kb
 bounds [0x00000267e9c00000, 0x00000267eb460000, 0x00000267f1130000]
CodeHeap 'non-nmethods': size=5760Kb used=1463Kb max_used=1564Kb free=4296Kb
 bounds [0x00000267f1130000, 0x00000267f13a0000, 0x00000267f16d0000]
 total_blobs=12005 nmethods=11228 adapters=683
 compilation: enabled
              stopped_count=0, restarted_count=0
 full_count=0

Compilation events (20 events):
Event: 37.679 Thread 0x00000267fc9e9f80 nmethod 12046 0x00000267eb456e10 code [0x00000267eb456fc0, 0x00000267eb457228]
Event: 37.688 Thread 0x00000267fc9e9f80 12047       3       java.io.FilterOutputStream::<init> (21 bytes)
Event: 37.688 Thread 0x00000267fc9e9f80 nmethod 12047 0x00000267eb457310 code [0x00000267eb4574c0, 0x00000267eb457770]
Event: 37.696 Thread 0x00000267fc9e9f80 12048   !   3       java.io.BufferedOutputStream::flush (60 bytes)
Event: 37.698 Thread 0x00000267fc9e9f80 nmethod 12048 0x00000267eb457890 code [0x00000267eb457b80, 0x00000267eb458c98]
Event: 37.698 Thread 0x00000267fc9e9f80 12049       3       java.io.BufferedOutputStream::implFlush (12 bytes)
Event: 37.698 Thread 0x00000267fc9e9f80 nmethod 12049 0x00000267eb459310 code [0x00000267eb4594e0, 0x00000267eb459830]
Event: 37.702 Thread 0x00000267fc9e9f80 12050  s    3       java.lang.Thread::setName (44 bytes)
Event: 37.702 Thread 0x00000267fc9e9f80 nmethod 12050 0x00000267eb459990 code [0x00000267eb459ba0, 0x00000267eb45a1e0]
Event: 37.703 Thread 0x00000267fc9e9f80 12051   !   3       org.eclipse.jdt.ls.core.internal.CancellableProgressMonitor::isCanceled (33 bytes)
Event: 37.704 Thread 0x00000267fc9e9f80 nmethod 12051 0x00000267eb45a390 code [0x00000267eb45a560, 0x00000267eb45a838]
Event: 37.730 Thread 0x00000267fc9e9f80 12052       1       org.eclipse.jdt.ls.core.internal.managers.StandardProjectsManager::isBuildFinished (5 bytes)
Event: 37.731 Thread 0x00000267fc9e9f80 nmethod 12052 0x00000267f200ff10 code [0x00000267f20100a0, 0x00000267f2010170]
Event: 37.983 Thread 0x00000267e6a63f50 12053   !   4       org.eclipse.jdt.internal.core.index.DiskIndex::mergeWith (623 bytes)
Event: 38.085 Thread 0x00000267fc9e9f80 12054   !   3       sun.nio.fs.WindowsPath::openForReadAttributeAccess (44 bytes)
Event: 38.085 Thread 0x00000267fc9e9f80 nmethod 12054 0x00000267eb45a990 code [0x00000267eb45ab60, 0x00000267eb45ae58]
Event: 38.085 Thread 0x00000267fc9e9f80 12055       3       sun.nio.fs.WindowsPath::openFileForReadAttributeAccess (16 bytes)
Event: 38.086 Thread 0x00000267fc9e9f80 nmethod 12055 0x00000267eb45af90 code [0x00000267eb45b160, 0x00000267eb45b3d0]
Event: 38.086 Thread 0x00000267fc9e9f80 12056       3       org.eclipse.core.internal.jobs.InternalJob::isAboutToRunCanceled (15 bytes)
Event: 38.086 Thread 0x00000267fc9e9f80 nmethod 12056 0x00000267eb45b510 code [0x00000267eb45b6c0, 0x00000267eb45b838]

GC Heap History (20 events):
Event: 37.851 GC heap before
{Heap before GC invocations=791 (full 3):
 PSYoungGen      total 7680K, used 7488K [0x00000000eab00000, 0x00000000eb380000, 0x0000000100000000)
  eden space 6656K, 100% used [0x00000000eab00000,0x00000000eb180000,0x00000000eb180000)
  from space 1024K, 81% used [0x00000000eb180000,0x00000000eb250000,0x00000000eb280000)
  to   space 1024K, 0% used [0x00000000eb280000,0x00000000eb280000,0x00000000eb380000)
 ParOldGen       total 589312K, used 589237K [0x00000000c0000000, 0x00000000e3f80000, 0x00000000eab00000)
  object space 589312K, 99% used [0x00000000c0000000,0x00000000e3f6d630,0x00000000e3f80000)
 Metaspace       used 66765K, committed 68288K, reserved 1114112K
  class space    used 7069K, committed 7744K, reserved 1048576K
}
Event: 37.853 GC heap after
{Heap after GC invocations=791 (full 3):
 PSYoungGen      total 7680K, used 952K [0x00000000eab00000, 0x00000000eb380000, 0x0000000100000000)
  eden space 6656K, 0% used [0x00000000eab00000,0x00000000eab00000,0x00000000eb180000)
  from space 1024K, 92% used [0x00000000eb280000,0x00000000eb36e008,0x00000000eb380000)
  to   space 1024K, 0% used [0x00000000eb180000,0x00000000eb180000,0x00000000eb280000)
 ParOldGen       total 590336K, used 589944K [0x00000000c0000000, 0x00000000e4080000, 0x00000000eab00000)
  object space 590336K, 99% used [0x00000000c0000000,0x00000000e401e340,0x00000000e4080000)
 Metaspace       used 66765K, committed 68288K, reserved 1114112K
  class space    used 7069K, committed 7744K, reserved 1048576K
}
Event: 37.869 GC heap before
{Heap before GC invocations=792 (full 3):
 PSYoungGen      total 7680K, used 7608K [0x00000000eab00000, 0x00000000eb380000, 0x0000000100000000)
  eden space 6656K, 100% used [0x00000000eab00000,0x00000000eb180000,0x00000000eb180000)
  from space 1024K, 92% used [0x00000000eb280000,0x00000000eb36e008,0x00000000eb380000)
  to   space 1024K, 0% used [0x00000000eb180000,0x00000000eb180000,0x00000000eb280000)
 ParOldGen       total 590336K, used 589944K [0x00000000c0000000, 0x00000000e4080000, 0x00000000eab00000)
  object space 590336K, 99% used [0x00000000c0000000,0x00000000e401e340,0x00000000e4080000)
 Metaspace       used 66765K, committed 68288K, reserved 1114112K
  class space    used 7069K, committed 7744K, reserved 1048576K
}
Event: 37.871 GC heap after
{Heap after GC invocations=792 (full 3):
 PSYoungGen      total 7680K, used 896K [0x00000000eab00000, 0x00000000eb380000, 0x0000000100000000)
  eden space 6656K, 0% used [0x00000000eab00000,0x00000000eab00000,0x00000000eb180000)
  from space 1024K, 87% used [0x00000000eb180000,0x00000000eb260000,0x00000000eb280000)
  to   space 1024K, 0% used [0x00000000eb280000,0x00000000eb280000,0x00000000eb380000)
 ParOldGen       total 590848K, used 590784K [0x00000000c0000000, 0x00000000e4100000, 0x00000000eab00000)
  object space 590848K, 99% used [0x00000000c0000000,0x00000000e40f0348,0x00000000e4100000)
 Metaspace       used 66765K, committed 68288K, reserved 1114112K
  class space    used 7069K, committed 7744K, reserved 1048576K
}
Event: 37.888 GC heap before
{Heap before GC invocations=793 (full 3):
 PSYoungGen      total 7680K, used 7552K [0x00000000eab00000, 0x00000000eb380000, 0x0000000100000000)
  eden space 6656K, 100% used [0x00000000eab00000,0x00000000eb180000,0x00000000eb180000)
  from space 1024K, 87% used [0x00000000eb180000,0x00000000eb260000,0x00000000eb280000)
  to   space 1024K, 0% used [0x00000000eb280000,0x00000000eb280000,0x00000000eb380000)
 ParOldGen       total 590848K, used 590784K [0x00000000c0000000, 0x00000000e4100000, 0x00000000eab00000)
  object space 590848K, 99% used [0x00000000c0000000,0x00000000e40f0348,0x00000000e4100000)
 Metaspace       used 66765K, committed 68288K, reserved 1114112K
  class space    used 7069K, committed 7744K, reserved 1048576K
}
Event: 37.890 GC heap after
{Heap after GC invocations=793 (full 3):
 PSYoungGen      total 7680K, used 832K [0x00000000eab00000, 0x00000000eb380000, 0x0000000100000000)
  eden space 6656K, 0% used [0x00000000eab00000,0x00000000eab00000,0x00000000eb180000)
  from space 1024K, 81% used [0x00000000eb280000,0x00000000eb350000,0x00000000eb380000)
  to   space 1024K, 0% used [0x00000000eb180000,0x00000000eb180000,0x00000000eb280000)
 ParOldGen       total 591872K, used 591528K [0x00000000c0000000, 0x00000000e4200000, 0x00000000eab00000)
  object space 591872K, 99% used [0x00000000c0000000,0x00000000e41aa348,0x00000000e4200000)
 Metaspace       used 66765K, committed 68288K, reserved 1114112K
  class space    used 7069K, committed 7744K, reserved 1048576K
}
Event: 37.907 GC heap before
{Heap before GC invocations=794 (full 3):
 PSYoungGen      total 7680K, used 7488K [0x00000000eab00000, 0x00000000eb380000, 0x0000000100000000)
  eden space 6656K, 100% used [0x00000000eab00000,0x00000000eb180000,0x00000000eb180000)
  from space 1024K, 81% used [0x00000000eb280000,0x00000000eb350000,0x00000000eb380000)
  to   space 1024K, 0% used [0x00000000eb180000,0x00000000eb180000,0x00000000eb280000)
 ParOldGen       total 591872K, used 591528K [0x00000000c0000000, 0x00000000e4200000, 0x00000000eab00000)
  object space 591872K, 99% used [0x00000000c0000000,0x00000000e41aa348,0x00000000e4200000)
 Metaspace       used 66765K, committed 68288K, reserved 1114112K
  class space    used 7069K, committed 7744K, reserved 1048576K
}
Event: 37.909 GC heap after
{Heap after GC invocations=794 (full 3):
 PSYoungGen      total 7680K, used 768K [0x00000000eab00000, 0x00000000eb380000, 0x0000000100000000)
  eden space 6656K, 0% used [0x00000000eab00000,0x00000000eab00000,0x00000000eb180000)
  from space 1024K, 75% used [0x00000000eb180000,0x00000000eb240000,0x00000000eb280000)
  to   space 1024K, 0% used [0x00000000eb280000,0x00000000eb280000,0x00000000eb380000)
 ParOldGen       total 592384K, used 592216K [0x00000000c0000000, 0x00000000e4280000, 0x00000000eab00000)
  object space 592384K, 99% used [0x00000000c0000000,0x00000000e4256348,0x00000000e4280000)
 Metaspace       used 66765K, committed 68288K, reserved 1114112K
  class space    used 7069K, committed 7744K, reserved 1048576K
}
Event: 37.923 GC heap before
{Heap before GC invocations=795 (full 3):
 PSYoungGen      total 7680K, used 7424K [0x00000000eab00000, 0x00000000eb380000, 0x0000000100000000)
  eden space 6656K, 100% used [0x00000000eab00000,0x00000000eb180000,0x00000000eb180000)
  from space 1024K, 75% used [0x00000000eb180000,0x00000000eb240000,0x00000000eb280000)
  to   space 1024K, 0% used [0x00000000eb280000,0x00000000eb280000,0x00000000eb380000)
 ParOldGen       total 592384K, used 592216K [0x00000000c0000000, 0x00000000e4280000, 0x00000000eab00000)
  object space 592384K, 99% used [0x00000000c0000000,0x00000000e4256348,0x00000000e4280000)
 Metaspace       used 66765K, committed 68288K, reserved 1114112K
  class space    used 7069K, committed 7744K, reserved 1048576K
}
Event: 37.925 GC heap after
{Heap after GC invocations=795 (full 3):
 PSYoungGen      total 7680K, used 832K [0x00000000eab00000, 0x00000000eb380000, 0x0000000100000000)
  eden space 6656K, 0% used [0x00000000eab00000,0x00000000eab00000,0x00000000eb180000)
  from space 1024K, 81% used [0x00000000eb280000,0x00000000eb350000,0x00000000eb380000)
  to   space 1024K, 0% used [0x00000000eb180000,0x00000000eb180000,0x00000000eb280000)
 ParOldGen       total 592896K, used 592848K [0x00000000c0000000, 0x00000000e4300000, 0x00000000eab00000)
  object space 592896K, 99% used [0x00000000c0000000,0x00000000e42f4348,0x00000000e4300000)
 Metaspace       used 66765K, committed 68288K, reserved 1114112K
  class space    used 7069K, committed 7744K, reserved 1048576K
}
Event: 37.941 GC heap before
{Heap before GC invocations=796 (full 3):
 PSYoungGen      total 7680K, used 7488K [0x00000000eab00000, 0x00000000eb380000, 0x0000000100000000)
  eden space 6656K, 100% used [0x00000000eab00000,0x00000000eb180000,0x00000000eb180000)
  from space 1024K, 81% used [0x00000000eb280000,0x00000000eb350000,0x00000000eb380000)
  to   space 1024K, 0% used [0x00000000eb180000,0x00000000eb180000,0x00000000eb280000)
 ParOldGen       total 592896K, used 592848K [0x00000000c0000000, 0x00000000e4300000, 0x00000000eab00000)
  object space 592896K, 99% used [0x00000000c0000000,0x00000000e42f4348,0x00000000e4300000)
 Metaspace       used 66765K, committed 68288K, reserved 1114112K
  class space    used 7069K, committed 7744K, reserved 1048576K
}
Event: 37.943 GC heap after
{Heap after GC invocations=796 (full 3):
 PSYoungGen      total 7680K, used 880K [0x00000000eab00000, 0x00000000eb380000, 0x0000000100000000)
  eden space 6656K, 0% used [0x00000000eab00000,0x00000000eab00000,0x00000000eb180000)
  from space 1024K, 85% used [0x00000000eb180000,0x00000000eb25c010,0x00000000eb280000)
  to   space 1024K, 0% used [0x00000000eb280000,0x00000000eb280000,0x00000000eb380000)
 ParOldGen       total 593920K, used 593563K [0x00000000c0000000, 0x00000000e4400000, 0x00000000eab00000)
  object space 593920K, 99% used [0x00000000c0000000,0x00000000e43a6f58,0x00000000e4400000)
 Metaspace       used 66765K, committed 68288K, reserved 1114112K
  class space    used 7069K, committed 7744K, reserved 1048576K
}
Event: 37.959 GC heap before
{Heap before GC invocations=797 (full 3):
 PSYoungGen      total 7680K, used 7536K [0x00000000eab00000, 0x00000000eb380000, 0x0000000100000000)
  eden space 6656K, 100% used [0x00000000eab00000,0x00000000eb180000,0x00000000eb180000)
  from space 1024K, 85% used [0x00000000eb180000,0x00000000eb25c010,0x00000000eb280000)
  to   space 1024K, 0% used [0x00000000eb280000,0x00000000eb280000,0x00000000eb380000)
 ParOldGen       total 593920K, used 593563K [0x00000000c0000000, 0x00000000e4400000, 0x00000000eab00000)
  object space 593920K, 99% used [0x00000000c0000000,0x00000000e43a6f58,0x00000000e4400000)
 Metaspace       used 66765K, committed 68288K, reserved 1114112K
  class space    used 7069K, committed 7744K, reserved 1048576K
}
Event: 37.960 GC heap after
{Heap after GC invocations=797 (full 3):
 PSYoungGen      total 7680K, used 928K [0x00000000eab00000, 0x00000000eb380000, 0x0000000100000000)
  eden space 6656K, 0% used [0x00000000eab00000,0x00000000eab00000,0x00000000eb180000)
  from space 1024K, 90% used [0x00000000eb280000,0x00000000eb368000,0x00000000eb380000)
  to   space 1024K, 0% used [0x00000000eb180000,0x00000000eb180000,0x00000000eb280000)
 ParOldGen       total 594432K, used 594259K [0x00000000c0000000, 0x00000000e4480000, 0x00000000eab00000)
  object space 594432K, 99% used [0x00000000c0000000,0x00000000e4454f58,0x00000000e4480000)
 Metaspace       used 66765K, committed 68288K, reserved 1114112K
  class space    used 7069K, committed 7744K, reserved 1048576K
}
Event: 37.993 GC heap before
{Heap before GC invocations=798 (full 3):
 PSYoungGen      total 7680K, used 7584K [0x00000000eab00000, 0x00000000eb380000, 0x0000000100000000)
  eden space 6656K, 100% used [0x00000000eab00000,0x00000000eb180000,0x00000000eb180000)
  from space 1024K, 90% used [0x00000000eb280000,0x00000000eb368000,0x00000000eb380000)
  to   space 1024K, 0% used [0x00000000eb180000,0x00000000eb180000,0x00000000eb280000)
 ParOldGen       total 594432K, used 594259K [0x00000000c0000000, 0x00000000e4480000, 0x00000000eab00000)
  object space 594432K, 99% used [0x00000000c0000000,0x00000000e4454f58,0x00000000e4480000)
 Metaspace       used 66765K, committed 68288K, reserved 1114112K
  class space    used 7069K, committed 7744K, reserved 1048576K
}
Event: 37.997 GC heap after
{Heap after GC invocations=798 (full 3):
 PSYoungGen      total 7680K, used 1013K [0x00000000eab00000, 0x00000000ebb80000, 0x0000000100000000)
  eden space 6656K, 0% used [0x00000000eab00000,0x00000000eab00000,0x00000000eb180000)
  from space 1024K, 98% used [0x00000000eb180000,0x00000000eb27d608,0x00000000eb280000)
  to   space 5120K, 0% used [0x00000000eb680000,0x00000000eb680000,0x00000000ebb80000)
 ParOldGen       total 598016K, used 597602K [0x00000000c0000000, 0x00000000e4800000, 0x00000000eab00000)
  object space 598016K, 99% used [0x00000000c0000000,0x00000000e4798988,0x00000000e4800000)
 Metaspace       used 66765K, committed 68288K, reserved 1114112K
  class space    used 7069K, committed 7744K, reserved 1048576K
}
Event: 38.067 GC heap before
{Heap before GC invocations=799 (full 3):
 PSYoungGen      total 7680K, used 7669K [0x00000000eab00000, 0x00000000ebb80000, 0x0000000100000000)
  eden space 6656K, 100% used [0x00000000eab00000,0x00000000eb180000,0x00000000eb180000)
  from space 1024K, 98% used [0x00000000eb180000,0x00000000eb27d608,0x00000000eb280000)
  to   space 5120K, 0% used [0x00000000eb680000,0x00000000eb680000,0x00000000ebb80000)
 ParOldGen       total 598016K, used 597602K [0x00000000c0000000, 0x00000000e4800000, 0x00000000eab00000)
  object space 598016K, 99% used [0x00000000c0000000,0x00000000e4798988,0x00000000e4800000)
 Metaspace       used 66765K, committed 68288K, reserved 1114112K
  class space    used 7069K, committed 7744K, reserved 1048576K
}
Event: 38.069 GC heap after
{Heap after GC invocations=799 (full 3):
 PSYoungGen      total 8192K, used 1170K [0x00000000eab00000, 0x00000000eb800000, 0x0000000100000000)
  eden space 6656K, 0% used [0x00000000eab00000,0x00000000eab00000,0x00000000eb180000)
  from space 1536K, 76% used [0x00000000eb680000,0x00000000eb7a4a20,0x00000000eb800000)
  to   space 2560K, 0% used [0x00000000eb300000,0x00000000eb300000,0x00000000eb580000)
 ParOldGen       total 598528K, used 598298K [0x00000000c0000000, 0x00000000e4880000, 0x00000000eab00000)
  object space 598528K, 99% used [0x00000000c0000000,0x00000000e4846990,0x00000000e4880000)
 Metaspace       used 66765K, committed 68288K, reserved 1114112K
  class space    used 7069K, committed 7744K, reserved 1048576K
}
Event: 38.108 GC heap before
{Heap before GC invocations=800 (full 3):
 PSYoungGen      total 8192K, used 7826K [0x00000000eab00000, 0x00000000eb800000, 0x0000000100000000)
  eden space 6656K, 100% used [0x00000000eab00000,0x00000000eb180000,0x00000000eb180000)
  from space 1536K, 76% used [0x00000000eb680000,0x00000000eb7a4a20,0x00000000eb800000)
  to   space 2560K, 0% used [0x00000000eb300000,0x00000000eb300000,0x00000000eb580000)
 ParOldGen       total 598528K, used 598298K [0x00000000c0000000, 0x00000000e4880000, 0x00000000eab00000)
  object space 598528K, 99% used [0x00000000c0000000,0x00000000e4846990,0x00000000e4880000)
 Metaspace       used 66766K, committed 68288K, reserved 1114112K
  class space    used 7069K, committed 7744K, reserved 1048576K
}
Event: 38.110 GC heap after
{Heap after GC invocations=800 (full 3):
 PSYoungGen      total 9216K, used 704K [0x00000000eab00000, 0x00000000eb700000, 0x0000000100000000)
  eden space 6656K, 0% used [0x00000000eab00000,0x00000000eab00000,0x00000000eb180000)
  from space 2560K, 27% used [0x00000000eb300000,0x00000000eb3b0000,0x00000000eb580000)
  to   space 1536K, 0% used [0x00000000eb580000,0x00000000eb580000,0x00000000eb700000)
 ParOldGen       total 599040K, used 598786K [0x00000000c0000000, 0x00000000e4900000, 0x00000000eab00000)
  object space 599040K, 99% used [0x00000000c0000000,0x00000000e48c0990,0x00000000e4900000)
 Metaspace       used 66766K, committed 68288K, reserved 1114112K
  class space    used 7069K, committed 7744K, reserved 1048576K
}

Dll operation events (14 events):
Event: 0.016 Loaded shared library c:\Users\NataliyaDmitriyenko\.vscode\extensions\redhat.java-1.43.2025052308-win32-x64\jre\21.0.7-win32-x86_64\bin\java.dll
Event: 0.077 Loaded shared library c:\Users\NataliyaDmitriyenko\.vscode\extensions\redhat.java-1.43.2025052308-win32-x64\jre\21.0.7-win32-x86_64\bin\zip.dll
Event: 0.175 Loaded shared library C:\Users\NataliyaDmitriyenko\.vscode\extensions\redhat.java-1.43.2025052308-win32-x64\jre\21.0.7-win32-x86_64\bin\instrument.dll
Event: 0.219 Loaded shared library C:\Users\NataliyaDmitriyenko\.vscode\extensions\redhat.java-1.43.2025052308-win32-x64\jre\21.0.7-win32-x86_64\bin\net.dll
Event: 0.259 Loaded shared library C:\Users\NataliyaDmitriyenko\.vscode\extensions\redhat.java-1.43.2025052308-win32-x64\jre\21.0.7-win32-x86_64\bin\nio.dll
Event: 0.266 Loaded shared library C:\Users\NataliyaDmitriyenko\.vscode\extensions\redhat.java-1.43.2025052308-win32-x64\jre\21.0.7-win32-x86_64\bin\zip.dll
Event: 0.293 Loaded shared library C:\Users\NataliyaDmitriyenko\.vscode\extensions\redhat.java-1.43.2025052308-win32-x64\jre\21.0.7-win32-x86_64\bin\jimage.dll
Event: 0.493 Loaded shared library c:\Users\NataliyaDmitriyenko\.vscode\extensions\redhat.java-1.43.2025052308-win32-x64\jre\21.0.7-win32-x86_64\bin\verify.dll
Event: 3.224 Loaded shared library C:\Users\NataliyaDmitriyenko\AppData\Roaming\Code\User\globalStorage\redhat.java\1.43.2025052308\config_win\org.eclipse.equinox.launcher\org.eclipse.equinox.launcher.win32.win32.x86_64_1.2.1300.v20250331-1702\eclipse_11911.dll
Event: 5.347 Loaded shared library C:\Users\NataliyaDmitriyenko\.vscode\extensions\redhat.java-1.43.2025052308-win32-x64\jre\21.0.7-win32-x86_64\bin\management.dll
Event: 5.352 Loaded shared library C:\Users\NataliyaDmitriyenko\.vscode\extensions\redhat.java-1.43.2025052308-win32-x64\jre\21.0.7-win32-x86_64\bin\management_ext.dll
Event: 7.178 Loaded shared library C:\Users\NataliyaDmitriyenko\AppData\Local\Temp\jna-400478198\jna2414320857955158528.dll
Event: 7.448 Loaded shared library C:\Users\NataliyaDmitriyenko\.vscode\extensions\redhat.java-1.43.2025052308-win32-x64\jre\21.0.7-win32-x86_64\bin\sunmscapi.dll
Event: 8.016 Loaded shared library C:\Users\NataliyaDmitriyenko\.vscode\extensions\redhat.java-1.43.2025052308-win32-x64\jre\21.0.7-win32-x86_64\bin\extnet.dll

Deoptimization events (20 events):
Event: 34.962 Thread 0x00000267fe229d20 DEOPT PACKING pc=0x00000267f1f55700 sp=0x00000082a84fec00
Event: 34.962 Thread 0x00000267fe229d20 DEOPT UNPACKING pc=0x00000267f1183aa2 sp=0x00000082a84feb40 mode 2
Event: 35.152 Thread 0x00000267fe229d20 Uncommon trap: trap_request=0xffffff45 fr.pc=0x00000267f1fea8ec relative=0x0000000000000b8c
Event: 35.152 Thread 0x00000267fe229d20 Uncommon trap: reason=unstable_if action=reinterpret pc=0x00000267f1fea8ec method=org.eclipse.jdt.internal.compiler.parser.Scanner.internalScanIdentifierOrKeyword(II[C)Lorg/eclipse/jdt/internal/compiler/parser/TerminalToken; @ 2328 c2
Event: 35.152 Thread 0x00000267fe229d20 DEOPT PACKING pc=0x00000267f1fea8ec sp=0x00000082a84ff000
Event: 35.152 Thread 0x00000267fe229d20 DEOPT UNPACKING pc=0x00000267f1183aa2 sp=0x00000082a84fef80 mode 2
Event: 35.329 Thread 0x00000267fe229d20 Uncommon trap: trap_request=0xffffff45 fr.pc=0x00000267f1f85fe4 relative=0x00000000000013c4
Event: 35.329 Thread 0x00000267fe229d20 Uncommon trap: reason=unstable_if action=reinterpret pc=0x00000267f1f85fe4 method=org.eclipse.jdt.internal.compiler.classfmt.AnnotationInfo.decodeDefaultValue()Ljava/lang/Object; @ 24 c2
Event: 35.329 Thread 0x00000267fe229d20 DEOPT PACKING pc=0x00000267f1f85fe4 sp=0x00000082a84fec90
Event: 35.329 Thread 0x00000267fe229d20 DEOPT UNPACKING pc=0x00000267f1183aa2 sp=0x00000082a84fec30 mode 2
Event: 35.901 Thread 0x00000267fe229d20 Uncommon trap: trap_request=0xffffff45 fr.pc=0x00000267f1ff2c50 relative=0x00000000000017d0
Event: 35.901 Thread 0x00000267fe229d20 Uncommon trap: reason=unstable_if action=reinterpret pc=0x00000267f1ff2c50 method=org.eclipse.jdt.internal.core.index.DiskIndex.writeDocumentNumbers([ILjava/io/OutputStream;)V @ 127 c2
Event: 35.901 Thread 0x00000267fe229d20 DEOPT PACKING pc=0x00000267f1ff2c50 sp=0x00000082a84feb70
Event: 35.901 Thread 0x00000267fe229d20 DEOPT UNPACKING pc=0x00000267f1183aa2 sp=0x00000082a84febb0 mode 2
Event: 37.983 Thread 0x00000267fe229d20 DEOPT PACKING pc=0x00000267eb3410c8 sp=0x00000082a84fedd0
Event: 37.983 Thread 0x00000267fe229d20 DEOPT UNPACKING pc=0x00000267f1184242 sp=0x00000082a84fe3e8 mode 0
Event: 38.126 Thread 0x00000267fe229d20 Uncommon trap: trap_request=0xffffff45 fr.pc=0x00000267f1efaf44 relative=0x0000000000000124
Event: 38.126 Thread 0x00000267fe229d20 Uncommon trap: reason=unstable_if action=reinterpret pc=0x00000267f1efaf44 method=org.eclipse.jdt.internal.core.index.DiskIndex.writeStreamInt(Ljava/io/OutputStream;I)V @ 9 c2
Event: 38.126 Thread 0x00000267fe229d20 DEOPT PACKING pc=0x00000267f1efaf44 sp=0x00000082a84fecf0
Event: 38.126 Thread 0x00000267fe229d20 DEOPT UNPACKING pc=0x00000267f1183aa2 sp=0x00000082a84fec98 mode 2

Classes loaded (20 events):
Event: 20.113 Loading class com/sun/org/apache/xerces/internal/xni/XNIException
Event: 20.114 Loading class com/sun/org/apache/xerces/internal/xni/XNIException done
Event: 20.119 Loading class com/sun/org/apache/xerces/internal/xni/parser/XMLParseException
Event: 20.119 Loading class com/sun/org/apache/xerces/internal/xni/parser/XMLParseException done
Event: 20.357 Loading class java/util/Hashtable$ValueCollection
Event: 20.357 Loading class java/util/Hashtable$ValueCollection done
Event: 20.364 Loading class java/util/concurrent/ConcurrentHashMap$KeySpliterator
Event: 20.365 Loading class java/util/concurrent/ConcurrentHashMap$KeySpliterator done
Event: 20.638 Loading class jdk/internal/module/IllegalAccessLogger
Event: 20.638 Loading class jdk/internal/module/IllegalAccessLogger done
Event: 21.168 Loading class java/io/CharArrayWriter
Event: 21.168 Loading class java/io/CharArrayWriter done
Event: 21.184 Loading class java/nio/file/attribute/PosixFileAttributes
Event: 21.184 Loading class java/nio/file/attribute/PosixFileAttributes done
Event: 21.349 Loading class sun/security/ssl/Alert
Event: 21.350 Loading class sun/security/ssl/Alert done
Event: 21.350 Loading class sun/security/ssl/Alert$AlertConsumer
Event: 21.350 Loading class sun/security/ssl/Alert$AlertConsumer done
Event: 21.350 Loading class sun/security/ssl/Alert$Level
Event: 21.351 Loading class sun/security/ssl/Alert$Level done

Classes unloaded (11 events):
Event: 6.146 Thread 0x00000267fc9c10a0 Unloading class 0x00000267811ab800 'java/lang/invoke/LambdaForm$MH+0x00000267811ab800'
Event: 6.146 Thread 0x00000267fc9c10a0 Unloading class 0x00000267811ab400 'java/lang/invoke/LambdaForm$MH+0x00000267811ab400'
Event: 6.146 Thread 0x00000267fc9c10a0 Unloading class 0x00000267811ab000 'java/lang/invoke/LambdaForm$MH+0x00000267811ab000'
Event: 6.146 Thread 0x00000267fc9c10a0 Unloading class 0x00000267811aac00 'java/lang/invoke/LambdaForm$MH+0x00000267811aac00'
Event: 6.146 Thread 0x00000267fc9c10a0 Unloading class 0x00000267811aa800 'java/lang/invoke/LambdaForm$BMH+0x00000267811aa800'
Event: 6.146 Thread 0x00000267fc9c10a0 Unloading class 0x00000267811aa400 'java/lang/invoke/LambdaForm$DMH+0x00000267811aa400'
Event: 6.146 Thread 0x00000267fc9c10a0 Unloading class 0x00000267811a9400 'java/lang/invoke/LambdaForm$DMH+0x00000267811a9400'
Event: 17.669 Thread 0x00000267fc9c10a0 Unloading class 0x000002678164d800 'java/lang/invoke/LambdaForm$DMH+0x000002678164d800'
Event: 17.669 Thread 0x00000267fc9c10a0 Unloading class 0x000002678164d000 'java/lang/invoke/LambdaForm$DMH+0x000002678164d000'
Event: 17.669 Thread 0x00000267fc9c10a0 Unloading class 0x000002678164d400 'java/lang/invoke/LambdaForm$DMH+0x000002678164d400'
Event: 17.669 Thread 0x00000267fc9c10a0 Unloading class 0x000002678164cc00 'java/lang/invoke/LambdaForm$DMH+0x000002678164cc00'

Classes redefined (0 events):
No events

Internal exceptions (20 events):
Event: 36.294 Thread 0x00000267fe229d20 Exception <a 'sun/nio/fs/WindowsException'{0x00000000eabb0088}> (0x00000000eabb0088) 
thrown [s\src\hotspot\share\prims\jni.cpp, line 520]
Event: 36.318 Thread 0x00000267fe229d20 Exception <a 'sun/nio/fs/WindowsException'{0x00000000ead39660}> (0x00000000ead39660) 
thrown [s\src\hotspot\share\prims\jni.cpp, line 520]
Event: 36.666 Thread 0x00000267fe229d20 Exception <a 'sun/nio/fs/WindowsException'{0x00000000ead89da8}> (0x00000000ead89da8) 
thrown [s\src\hotspot\share\prims\jni.cpp, line 520]
Event: 36.679 Thread 0x00000267fe229d20 Exception <a 'sun/nio/fs/WindowsException'{0x00000000eada2ad0}> (0x00000000eada2ad0) 
thrown [s\src\hotspot\share\prims\jni.cpp, line 520]
Event: 36.760 Thread 0x00000267fe229d20 Exception <a 'sun/nio/fs/WindowsException'{0x00000000ead56d48}> (0x00000000ead56d48) 
thrown [s\src\hotspot\share\prims\jni.cpp, line 520]
Event: 37.033 Thread 0x00000267fe229d20 Exception <a 'sun/nio/fs/WindowsException'{0x00000000eaef8e10}> (0x00000000eaef8e10) 
thrown [s\src\hotspot\share\prims\jni.cpp, line 520]
Event: 37.238 Thread 0x00000267fe229d20 Exception <a 'sun/nio/fs/WindowsException'{0x00000000eac63ec8}> (0x00000000eac63ec8) 
thrown [s\src\hotspot\share\prims\jni.cpp, line 520]
Event: 37.292 Thread 0x00000267fe229d20 Exception <a 'sun/nio/fs/WindowsException'{0x00000000eaeab780}> (0x00000000eaeab780) 
thrown [s\src\hotspot\share\prims\jni.cpp, line 520]
Event: 37.306 Thread 0x00000267fe229d20 Exception <a 'sun/nio/fs/WindowsException'{0x00000000eaec47f0}> (0x00000000eaec47f0) 
thrown [s\src\hotspot\share\prims\jni.cpp, line 520]
Event: 37.317 Thread 0x00000267fe229d20 Exception <a 'sun/nio/fs/WindowsException'{0x00000000eaed5ed0}> (0x00000000eaed5ed0) 
thrown [s\src\hotspot\share\prims\jni.cpp, line 520]
Event: 37.527 Thread 0x00000267fe229d20 Exception <a 'sun/nio/fs/WindowsException'{0x00000000eaf0d308}> (0x00000000eaf0d308) 
thrown [s\src\hotspot\share\prims\jni.cpp, line 520]
Event: 37.553 Thread 0x00000267fe229d20 Exception <a 'sun/nio/fs/WindowsException'{0x00000000eabc66a8}> (0x00000000eabc66a8) 
thrown [s\src\hotspot\share\prims\jni.cpp, line 520]
Event: 37.631 Thread 0x00000267fe229d20 Exception <a 'sun/nio/fs/WindowsException'{0x00000000ead8e3f0}> (0x00000000ead8e3f0) 
thrown [s\src\hotspot\share\prims\jni.cpp, line 520]
Event: 37.650 Thread 0x00000267fe229d20 Exception <a 'sun/nio/fs/WindowsException'{0x00000000eaed0950}> (0x00000000eaed0950) 
thrown [s\src\hotspot\share\prims\jni.cpp, line 520]
Event: 37.678 Thread 0x00000267fe229d20 Exception <a 'sun/nio/fs/WindowsException'{0x00000000eacbefa0}> (0x00000000eacbefa0) 
thrown [s\src\hotspot\share\prims\jni.cpp, line 520]
Event: 37.689 Thread 0x00000267fe229d20 Exception <a 'sun/nio/fs/WindowsException'{0x00000000ead08180}> (0x00000000ead08180) 
thrown [s\src\hotspot\share\prims\jni.cpp, line 520]
Event: 37.700 Thread 0x00000267fe229d20 Exception <a 'sun/nio/fs/WindowsException'{0x00000000ead1a0e0}> (0x00000000ead1a0e0) 
thrown [s\src\hotspot\share\prims\jni.cpp, line 520]
Event: 38.036 Thread 0x00000267fe229d20 Exception <a 'sun/nio/fs/WindowsException'{0x00000000eabf88f0}> (0x00000000eabf88f0) 
thrown [s\src\hotspot\share\prims\jni.cpp, line 520]
Event: 38.085 Thread 0x00000267fe229d20 Exception <a 'sun/nio/fs/WindowsException'{0x00000000ead21b98}> (0x00000000ead21b98) 
thrown [s\src\hotspot\share\prims\jni.cpp, line 520]
Event: 38.126 Thread 0x00000267fe229d20 Exception <a 'sun/nio/fs/WindowsException'{0x00000000eaf3bf70}> (0x00000000eaf3bf70) 
thrown [s\src\hotspot\share\prims\jni.cpp, line 520]

ZGC Phase Switch (0 events):
No events

VM Operations (20 events):
Event: 37.851 Executing VM operation: ParallelGCFailedAllocation (Allocation Failure)
Event: 37.853 Executing VM operation: ParallelGCFailedAllocation (Allocation Failure) done
Event: 37.869 Executing VM operation: ParallelGCFailedAllocation (Allocation Failure)
Event: 37.871 Executing VM operation: ParallelGCFailedAllocation (Allocation Failure) done
Event: 37.888 Executing VM operation: ParallelGCFailedAllocation (Allocation Failure)
Event: 37.890 Executing VM operation: ParallelGCFailedAllocation (Allocation Failure) done
Event: 37.907 Executing VM operation: ParallelGCFailedAllocation (Allocation Failure)
Event: 37.909 Executing VM operation: ParallelGCFailedAllocation (Allocation Failure) done
Event: 37.923 Executing VM operation: ParallelGCFailedAllocation (Allocation Failure)
Event: 37.925 Executing VM operation: ParallelGCFailedAllocation (Allocation Failure) done
Event: 37.941 Executing VM operation: ParallelGCFailedAllocation (Allocation Failure)
Event: 37.943 Executing VM operation: ParallelGCFailedAllocation (Allocation Failure) done
Event: 37.959 Executing VM operation: ParallelGCFailedAllocation (Allocation Failure)
Event: 37.960 Executing VM operation: ParallelGCFailedAllocation (Allocation Failure) done
Event: 37.993 Executing VM operation: ParallelGCFailedAllocation (Allocation Failure)
Event: 37.997 Executing VM operation: ParallelGCFailedAllocation (Allocation Failure) done
Event: 38.067 Executing VM operation: ParallelGCFailedAllocation (Allocation Failure)
Event: 38.069 Executing VM operation: ParallelGCFailedAllocation (Allocation Failure) done
Event: 38.108 Executing VM operation: ParallelGCFailedAllocation (Allocation Failure)
Event: 38.110 Executing VM operation: ParallelGCFailedAllocation (Allocation Failure) done

Memory protections (0 events):
No events

Nmethod flushes (20 events):
Event: 17.687 Thread 0x00000267fc9c10a0 flushing  nmethod 0x00000267ea519910
Event: 17.687 Thread 0x00000267fc9c10a0 flushing  nmethod 0x00000267ea521790
Event: 17.687 Thread 0x00000267fc9c10a0 flushing  nmethod 0x00000267ea526690
Event: 17.687 Thread 0x00000267fc9c10a0 flushing  nmethod 0x00000267ea543710
Event: 17.687 Thread 0x00000267fc9c10a0 flushing  nmethod 0x00000267ea549610
Event: 17.687 Thread 0x00000267fc9c10a0 flushing  nmethod 0x00000267ea54a510
Event: 17.687 Thread 0x00000267fc9c10a0 flushing  nmethod 0x00000267ea54ac10
Event: 17.687 Thread 0x00000267fc9c10a0 flushing  nmethod 0x00000267ea54af90
Event: 17.687 Thread 0x00000267fc9c10a0 flushing  nmethod 0x00000267ea54bd10
Event: 17.687 Thread 0x00000267fc9c10a0 flushing  nmethod 0x00000267ea54c190
Event: 17.687 Thread 0x00000267fc9c10a0 flushing  nmethod 0x00000267ea54d890
Event: 17.687 Thread 0x00000267fc9c10a0 flushing  nmethod 0x00000267ea54f510
Event: 17.687 Thread 0x00000267fc9c10a0 flushing  nmethod 0x00000267ea557410
Event: 17.687 Thread 0x00000267fc9c10a0 flushing  nmethod 0x00000267ea56dd90
Event: 17.687 Thread 0x00000267fc9c10a0 flushing  nmethod 0x00000267ea57c410
Event: 17.687 Thread 0x00000267fc9c10a0 flushing  nmethod 0x00000267ea590e90
Event: 17.687 Thread 0x00000267fc9c10a0 flushing  nmethod 0x00000267ea5aa390
Event: 17.687 Thread 0x00000267fc9c10a0 flushing  nmethod 0x00000267ea5e8110
Event: 17.687 Thread 0x00000267fc9c10a0 flushing  nmethod 0x00000267ea5f6690
Event: 17.687 Thread 0x00000267fc9c10a0 flushing  nmethod 0x00000267ea5f6a10

Events (20 events):
Event: 22.237 Thread 0x00000267fe153b60 Thread exited: 0x00000267fe153b60
Event: 22.237 Thread 0x00000267fdd03910 Thread exited: 0x00000267fdd03910
Event: 22.237 Thread 0x00000267fdd16e50 Thread exited: 0x00000267fdd16e50
Event: 22.238 Thread 0x00000267fdd178c0 Thread exited: 0x00000267fdd178c0
Event: 22.238 Thread 0x00000267fe017720 Thread exited: 0x00000267fe017720
Event: 22.238 Thread 0x00000267fe0189c0 Thread exited: 0x00000267fe0189c0
Event: 22.238 Thread 0x00000267fdd02aa0 Thread exited: 0x00000267fdd02aa0
Event: 22.241 Thread 0x00000267fe152120 Thread exited: 0x00000267fe152120
Event: 22.242 Thread 0x00000267fe1527b0 Thread exited: 0x00000267fe1527b0
Event: 23.284 Thread 0x00000267e6a63f50 Thread added: 0x00000267c7bd4dc0
Event: 23.528 Thread 0x00000267c7bd4dc0 Thread exited: 0x00000267c7bd4dc0
Event: 23.606 Thread 0x00000267e6a63f50 Thread added: 0x00000267c7bd4dc0
Event: 25.020 Thread 0x00000267c7bd4dc0 Thread exited: 0x00000267c7bd4dc0
Event: 25.451 Thread 0x00000267e6a63f50 Thread added: 0x00000267c7bd4dc0
Event: 25.909 Thread 0x00000267c7bd4dc0 Thread exited: 0x00000267c7bd4dc0
Event: 25.932 Thread 0x00000267e6a63f50 Thread added: 0x00000267c7bd4dc0
Event: 25.944 Thread 0x00000267fc9e9f80 Thread added: 0x00000267c5329b50
Event: 26.360 Thread 0x00000267c6f092e0 Thread exited: 0x00000267c6f092e0
Event: 29.768 Thread 0x00000267c5329b50 Thread exited: 0x00000267c5329b50
Event: 30.118 Thread 0x00000267c7bd4dc0 Thread exited: 0x00000267c7bd4dc0


Dynamic libraries:
0x00007ff7368b0000 - 0x00007ff7368be000 	c:\Users\NataliyaDmitriyenko\.vscode\extensions\redhat.java-1.43.2025052308-win32-x64\jre\21.0.7-win32-x86_64\bin\java.exe
0x00007fff62be0000 - 0x00007fff62e40000 	C:\WINDOWS\SYSTEM32\ntdll.dll
0x00007fff28710000 - 0x00007fff2872a000 	C:\Program Files\Avast Software\Avast\aswhook.dll
0x00007fff61070000 - 0x00007fff61137000 	C:\WINDOWS\System32\KERNEL32.DLL
0x00007fff603c0000 - 0x00007fff6078a000 	C:\WINDOWS\System32\KERNELBASE.dll
0x00007fff5ffc0000 - 0x00007fff6010b000 	C:\WINDOWS\System32\ucrtbase.dll
0x00007fff5b550000 - 0x00007fff5b56e000 	c:\Users\NataliyaDmitriyenko\.vscode\extensions\redhat.java-1.43.2025052308-win32-x64\jre\21.0.7-win32-x86_64\bin\VCRUNTIME140.dll
0x00007fff5b860000 - 0x00007fff5b878000 	c:\Users\NataliyaDmitriyenko\.vscode\extensions\redhat.java-1.43.2025052308-win32-x64\jre\21.0.7-win32-x86_64\bin\jli.dll
0x00007fff40390000 - 0x00007fff40627000 	C:\WINDOWS\WinSxS\amd64_microsoft.windows.common-controls_6595b64144ccf1df_6.0.26100.3624_none_3e086962e3345f24\COMCTL32.dll
0x00007fff62660000 - 0x00007fff6282c000 	C:\WINDOWS\System32\USER32.dll
0x00007fff60f10000 - 0x00007fff60fb9000 	C:\WINDOWS\System32\msvcrt.dll
0x00007fff60910000 - 0x00007fff60937000 	C:\WINDOWS\System32\win32u.dll
0x00007fff61fa0000 - 0x00007fff61fca000 	C:\WINDOWS\System32\GDI32.dll
0x00007fff60280000 - 0x00007fff603b1000 	C:\WINDOWS\System32\gdi32full.dll
0x00007fff601d0000 - 0x00007fff60273000 	C:\WINDOWS\System32\msvcp_win.dll
0x00007fff615d0000 - 0x00007fff615ff000 	C:\WINDOWS\System32\IMM32.DLL
0x00007fff5bf50000 - 0x00007fff5bf5c000 	c:\Users\NataliyaDmitriyenko\.vscode\extensions\redhat.java-1.43.2025052308-win32-x64\jre\21.0.7-win32-x86_64\bin\vcruntime140_1.dll
0x00007fff2a980000 - 0x00007fff2aa0d000 	c:\Users\NataliyaDmitriyenko\.vscode\extensions\redhat.java-1.43.2025052308-win32-x64\jre\21.0.7-win32-x86_64\bin\msvcp140.dll
0x00007ffe97230000 - 0x00007ffe97fc0000 	c:\Users\NataliyaDmitriyenko\.vscode\extensions\redhat.java-1.43.2025052308-win32-x64\jre\21.0.7-win32-x86_64\bin\server\jvm.dll
0x00007fff620c0000 - 0x00007fff62172000 	C:\WINDOWS\System32\ADVAPI32.dll
0x00007fff609e0000 - 0x00007fff60a86000 	C:\WINDOWS\System32\sechost.dll
0x00007fff60bf0000 - 0x00007fff60d06000 	C:\WINDOWS\System32\RPCRT4.dll
0x00007fff61f20000 - 0x00007fff61f94000 	C:\WINDOWS\System32\WS2_32.dll
0x00007fff5d3a0000 - 0x00007fff5d3d6000 	C:\WINDOWS\SYSTEM32\WINMM.dll
0x00007fff5fc30000 - 0x00007fff5fc8e000 	C:\WINDOWS\SYSTEM32\POWRPROF.dll
0x00007fff538d0000 - 0x00007fff538db000 	C:\WINDOWS\SYSTEM32\VERSION.dll
0x00007fff5fbf0000 - 0x00007fff5fc04000 	C:\WINDOWS\SYSTEM32\UMPDC.dll
0x00007fff5ea70000 - 0x00007fff5ea8a000 	C:\WINDOWS\SYSTEM32\kernel.appcore.dll
0x00007fff5b9d0000 - 0x00007fff5b9da000 	c:\Users\NataliyaDmitriyenko\.vscode\extensions\redhat.java-1.43.2025052308-win32-x64\jre\21.0.7-win32-x86_64\bin\jimage.dll
0x00007fff5cf60000 - 0x00007fff5d1a1000 	C:\WINDOWS\SYSTEM32\DBGHELP.DLL
0x00007fff62230000 - 0x00007fff625b2000 	C:\WINDOWS\System32\combase.dll
0x00007fff61fe0000 - 0x00007fff620b6000 	C:\WINDOWS\System32\OLEAUT32.dll
0x00007fff5d360000 - 0x00007fff5d399000 	C:\WINDOWS\SYSTEM32\dbgcore.DLL
0x00007fff60940000 - 0x00007fff609d9000 	C:\WINDOWS\System32\bcryptPrimitives.dll
0x00007fff5a770000 - 0x00007fff5a77f000 	c:\Users\NataliyaDmitriyenko\.vscode\extensions\redhat.java-1.43.2025052308-win32-x64\jre\21.0.7-win32-x86_64\bin\instrument.dll
0x00007fff4a930000 - 0x00007fff4a94f000 	c:\Users\NataliyaDmitriyenko\.vscode\extensions\redhat.java-1.43.2025052308-win32-x64\jre\21.0.7-win32-x86_64\bin\java.dll
0x00007fff61610000 - 0x00007fff61d39000 	C:\WINDOWS\System32\SHELL32.dll
0x00007fff5fdc0000 - 0x00007fff5ff28000 	C:\WINDOWS\System32\wintypes.dll
0x00007fff5d6f0000 - 0x00007fff5df42000 	C:\WINDOWS\SYSTEM32\windows.storage.dll
0x00007fff60a90000 - 0x00007fff60b7d000 	C:\WINDOWS\System32\SHCORE.dll
0x00007fff62830000 - 0x00007fff62894000 	C:\WINDOWS\System32\shlwapi.dll
0x00007fff5fcd0000 - 0x00007fff5fcff000 	C:\WINDOWS\SYSTEM32\profapi.dll
0x00007fff478b0000 - 0x00007fff478c8000 	c:\Users\NataliyaDmitriyenko\.vscode\extensions\redhat.java-1.43.2025052308-win32-x64\jre\21.0.7-win32-x86_64\bin\zip.dll
0x00007fff59ff0000 - 0x00007fff5a000000 	C:\Users\NataliyaDmitriyenko\.vscode\extensions\redhat.java-1.43.2025052308-win32-x64\jre\21.0.7-win32-x86_64\bin\net.dll
0x00007fff5ea90000 - 0x00007fff5ebad000 	C:\WINDOWS\SYSTEM32\WINHTTP.dll
0x00007fff5f090000 - 0x00007fff5f0fa000 	C:\WINDOWS\system32\mswsock.dll
0x00007fff477f0000 - 0x00007fff47806000 	C:\Users\NataliyaDmitriyenko\.vscode\extensions\redhat.java-1.43.2025052308-win32-x64\jre\21.0.7-win32-x86_64\bin\nio.dll
0x00007fff59f00000 - 0x00007fff59f10000 	c:\Users\NataliyaDmitriyenko\.vscode\extensions\redhat.java-1.43.2025052308-win32-x64\jre\21.0.7-win32-x86_64\bin\verify.dll
0x00007fff2e0f0000 - 0x00007fff2e135000 	C:\Users\NataliyaDmitriyenko\AppData\Roaming\Code\User\globalStorage\redhat.java\1.43.2025052308\config_win\org.eclipse.equinox.launcher\org.eclipse.equinox.launcher.win32.win32.x86_64_1.2.1300.v20250331-1702\eclipse_11911.dll
0x00007fff60d20000 - 0x00007fff60eb6000 	C:\WINDOWS\System32\ole32.dll
0x00007fff5c300000 - 0x00007fff5c30a000 	C:\Users\NataliyaDmitriyenko\.vscode\extensions\redhat.java-1.43.2025052308-win32-x64\jre\21.0.7-win32-x86_64\bin\management.dll
0x00007fff59cf0000 - 0x00007fff59cfb000 	C:\Users\NataliyaDmitriyenko\.vscode\extensions\redhat.java-1.43.2025052308-win32-x64\jre\21.0.7-win32-x86_64\bin\management_ext.dll
0x00007fff60d10000 - 0x00007fff60d18000 	C:\WINDOWS\System32\PSAPI.DLL
0x00007fff5f440000 - 0x00007fff5f45c000 	C:\WINDOWS\SYSTEM32\CRYPTSP.dll
0x00007fff5e9d0000 - 0x00007fff5ea0a000 	C:\WINDOWS\system32\rsaenh.dll
0x00007fff5f130000 - 0x00007fff5f15b000 	C:\WINDOWS\SYSTEM32\USERENV.dll
0x00007fff5fca0000 - 0x00007fff5fcc6000 	C:\WINDOWS\SYSTEM32\bcrypt.dll
0x00007fff5f2c0000 - 0x00007fff5f2cc000 	C:\WINDOWS\SYSTEM32\CRYPTBASE.dll
0x00007fff5e2c0000 - 0x00007fff5e2f3000 	C:\WINDOWS\SYSTEM32\IPHLPAPI.DLL
0x00007fff60be0000 - 0x00007fff60bea000 	C:\WINDOWS\System32\NSI.dll
0x00007fff2e930000 - 0x00007fff2e979000 	C:\Users\NataliyaDmitriyenko\AppData\Local\Temp\jna-400478198\jna2414320857955158528.dll
0x00007fff571c0000 - 0x00007fff571df000 	C:\WINDOWS\SYSTEM32\dhcpcsvc6.DLL
0x00007fff57180000 - 0x00007fff571a5000 	C:\WINDOWS\SYSTEM32\dhcpcsvc.DLL
0x00007fff59c80000 - 0x00007fff59c8e000 	C:\Users\NataliyaDmitriyenko\.vscode\extensions\redhat.java-1.43.2025052308-win32-x64\jre\21.0.7-win32-x86_64\bin\sunmscapi.dll
0x00007fff60790000 - 0x00007fff60907000 	C:\WINDOWS\System32\CRYPT32.dll
0x00007fff5f590000 - 0x00007fff5f5c0000 	C:\WINDOWS\SYSTEM32\ncrypt.dll
0x00007fff5f540000 - 0x00007fff5f57f000 	C:\WINDOWS\SYSTEM32\NTASN1.dll
0x00007fff5e300000 - 0x00007fff5e425000 	C:\WINDOWS\SYSTEM32\DNSAPI.dll
0x00007fff53860000 - 0x00007fff5386b000 	C:\Windows\System32\rasadhlp.dll
0x00007fff57590000 - 0x00007fff57615000 	C:\WINDOWS\System32\fwpuclnt.dll
0x00007fff59b00000 - 0x00007fff59b09000 	C:\Users\NataliyaDmitriyenko\.vscode\extensions\redhat.java-1.43.2025052308-win32-x64\jre\21.0.7-win32-x86_64\bin\extnet.dll

dbghelp: loaded successfully - version: 4.0.5 - missing functions: none
symbol engine: initialized successfully - sym options: 0x614 - pdb path: .;c:\Users\NataliyaDmitriyenko\.vscode\extensions\redhat.java-1.43.2025052308-win32-x64\jre\21.0.7-win32-x86_64\bin;C:\WINDOWS\SYSTEM32;C:\Program Files\Avast Software\Avast;C:\WINDOWS\WinSxS\amd64_microsoft.windows.common-controls_6595b64144ccf1df_6.0.26100.3624_none_3e086962e3345f24;c:\Users\NataliyaDmitriyenko\.vscode\extensions\redhat.java-1.43.2025052308-win32-x64\jre\21.0.7-win32-x86_64\bin\server;C:\Users\NataliyaDmitriyenko\AppData\Roaming\Code\User\globalStorage\redhat.java\1.43.2025052308\config_win\org.eclipse.equinox.launcher\org.eclipse.equinox.launcher.win32.win32.x86_64_1.2.1300.v20250331-1702;C:\Users\NataliyaDmitriyenko\AppData\Local\Temp\jna-400478198

VM Arguments:
jvm_args: --add-modules=ALL-SYSTEM --add-opens=java.base/java.util=ALL-UNNAMED --add-opens=java.base/java.lang=ALL-UNNAMED --add-opens=java.base/sun.nio.fs=ALL-UNNAMED -Declipse.application=org.eclipse.jdt.ls.core.id1 -Dosgi.bundles.defaultStartLevel=4 -Declipse.product=org.eclipse.jdt.ls.core.product -Djava.import.generatesMetadataFilesAtProjectRoot=false -DDetectVMInstallationsJob.disabled=true -Dfile.encoding=utf8 -XX:+UseParallelGC -XX:GCTimeRatio=4 -XX:AdaptiveSizePolicyWeight=90 -Dsun.zip.disableMemoryMapping=true -Xmx1G -Xms100m -Xlog:disable -javaagent:c:\Users\NataliyaDmitriyenko\.vscode\extensions\redhat.java-1.43.2025052308-win32-x64\lombok\lombok-1.18.36.jar -XX:+HeapDumpOnOutOfMemoryError -XX:HeapDumpPath=c:\Users\NataliyaDmitriyenko\AppData\Roaming\Code\User\workspaceStorage\65ec7478522f7bd1bb10768280e073b5\redhat.java -Daether.dependencyCollector.impl=bf 
java_command: c:\Users\NataliyaDmitriyenko\.vscode\extensions\redhat.java-1.43.2025052308-win32-x64\server\plugins\org.eclipse.equinox.launcher_1.7.0.v20250519-0528.jar -configuration c:\Users\NataliyaDmitriyenko\AppData\Roaming\Code\User\globalStorage\redhat.java\1.43.2025052308\config_win -data c:\Users\NataliyaDmitriyenko\AppData\Roaming\Code\User\workspaceStorage\65ec7478522f7bd1bb10768280e073b5\redhat.java\jdt_ws --pipe=\\.\pipe\lsp-2303d3d2da42a31a5895bf350c316d81-sock
java_class_path (initial): c:\Users\NataliyaDmitriyenko\.vscode\extensions\redhat.java-1.43.2025052308-win32-x64\server\plugins\org.eclipse.equinox.launcher_1.7.0.v20250519-0528.jar
Launcher Type: SUN_STANDARD

[Global flags]
    uintx AdaptiveSizePolicyWeight                 = 90                                        {product} {command line}
     intx CICompilerCount                          = 4                                         {product} {ergonomic}
    uintx GCTimeRatio                              = 4                                         {product} {command line}
     bool HeapDumpOnOutOfMemoryError               = true                                   {manageable} {command line}
    ccstr HeapDumpPath                             = c:\Users\NataliyaDmitriyenko\AppData\Roaming\Code\User\workspaceStorage\65ec7478522f7bd1bb10768280e073b5\redhat.java         {manageable} {command line}
   size_t InitialHeapSize                          = 104857600                                 {product} {command line}
   size_t MaxHeapSize                              = 1073741824                                {product} {command line}
   size_t MaxNewSize                               = 357564416                                 {product} {ergonomic}
   size_t MinHeapDeltaBytes                        = 524288                                    {product} {ergonomic}
   size_t MinHeapSize                              = 104857600                                 {product} {command line}
   size_t NewSize                                  = 34603008                                  {product} {ergonomic}
    uintx NonNMethodCodeHeapSize                   = 5839372                                {pd product} {ergonomic}
    uintx NonProfiledCodeHeapSize                  = 122909434                              {pd product} {ergonomic}
   size_t OldSize                                  = 70254592                                  {product} {ergonomic}
    uintx ProfiledCodeHeapSize                     = 122909434                              {pd product} {ergonomic}
    uintx ReservedCodeCacheSize                    = 251658240                              {pd product} {ergonomic}
     bool SegmentedCodeCache                       = true                                      {product} {ergonomic}
   size_t SoftMaxHeapSize                          = 1073741824                             {manageable} {ergonomic}
     bool UseCompressedOops                        = true                           {product lp64_product} {ergonomic}
     bool UseLargePagesIndividualAllocation        = false                                  {pd product} {ergonomic}
     bool UseParallelGC                            = true                                      {product} {command line}

Logging:
Log output configuration:
 #0: stdout all=off uptime,level,tags foldmultilines=false
 #1: stderr all=off uptime,level,tags foldmultilines=false

Environment Variables:
JAVA_HOME=C:\Users\NataliyaDmitriyenko\.jdks\jdk-17.0.14+7
PATH=C:\WINDOWS\system32;C:\WINDOWS;C:\WINDOWS\System32\Wbem;C:\WINDOWS\System32\WindowsPowerShell\v1.0\;C:\WINDOWS\System32\OpenSSH\;C:\Program Files\dotnet\;C:\Program Files\Git\cmd;C:\Program Files\nodejs\;C:\Users\NataliyaDmitriyenko\AppData\Local\Microsoft\WindowsApps;C:\Users\NataliyaDmitriyenko\AppData\Local\Programs\Microsoft VS Code\bin;C:\Users\NataliyaDmitriyenko\.m2\wrapper\dists\apache-maven-3.9.9\bin;C:\Users\NataliyaDmitriyenko\AppData\Roaming\npm;C:\Users\NataliyaDmitriyenko\.jdks\jdk-21.0.6+7\bin;;C:\Program Files\Docker\Docker\resources\bin;C:\WINDOWS\system32;C:\WINDOWS;C:\WINDOWS\System32\Wbem;C:\WINDOWS\System32\WindowsPowerShell\v1.0\;C:\WINDOWS\System32\OpenSSH\;C:\Program Files\dotnet\;C:\Program Files\Docker\Docker\resources\bin;C:\Program Files\Git\cmd;C:\Program Files\nodejs\;C:\Users\NataliyaDmitriyenko\AppData\Local\Microsoft\WindowsApps;C:\Users\NataliyaDmitriyenko\AppData\Local\Programs\Microsoft VS Code\bin;C:\Users\NataliyaDmitriyenko\.m2\wrapper\dists\apache-maven-3.9.9\bin;C:\Users\NataliyaDmitriyenko\AppData\Roaming\npm;C:\Users\NataliyaDmitriyenko\.jdks\jdk-21.0.6+7\bin;C:\WINDOWS\system32;C:\WINDOWS;C:\WINDOWS\System32\Wbem;C:\WINDOWS\System32\WindowsPowerShell\v1.0\;C:\WINDOWS\System32\OpenSSH\;C:\Program Files\dotnet\;C:\Program Files\Docker\Docker\resources\bin;C:\Program Files\Git\cmd;C:\Program Files\nodejs\;C:\Users\NataliyaDmitriyenko\AppData\Local\Microsoft\WindowsApps;C:\Users\NataliyaDmitriyenko\AppData\Local\Programs\Microsoft VS Code\bin;C:\Users\NataliyaDmitriyenko\.m2\wrapper\dists\apache-maven-3.9.9\bin;C:\Users\NataliyaDmitriyenko\AppData\Roaming\npm;C:\Users\NataliyaDmitriyenko\AppData\Local\Microsoft\WindowsApps;C:\Users\NataliyaDmitriyenko\AppData\Local\Programs\Microsoft VS Code\bin;C:\Users\NataliyaDmitriyenko\.m2\wrapper\dists\apache-maven-3.9.9\bin;C:\Users\NataliyaDmitriyenko\AppData\Roaming\npm;C:\Users\NataliyaDmitriyenko\.jdks\jdk-21.0.6+7\bin;C:\Users\NataliyaDmitriyenko\.jdks\jdk-21.0.6+7\bin
USERNAME=NataliyaDmitriyenko
OS=Windows_NT
PROCESSOR_IDENTIFIER=Intel64 Family 6 Model 186 Stepping 3, GenuineIntel
TMP=C:\Users\NATALI~1\AppData\Local\Temp
TEMP=C:\Users\NATALI~1\AppData\Local\Temp




Periodic native trim disabled

---------------  S Y S T E M  ---------------

OS:
 Windows 11 , 64 bit Build 26100 (10.0.26100.3775)
OS uptime: 17 days 8:19 hours
Hyper-V role detected

CPU: total 12 (initial active 12) (6 cores per cpu, 2 threads per core) family 6 model 186 stepping 3 microcode 0x4123, cx8, cmov, fxsr, ht, mmx, 3dnowpref, sse, sse2, sse3, ssse3, sse4.1, sse4.2, popcnt, lzcnt, tsc, tscinvbit, avx, avx2, aes, erms, clmul, bmi1, bmi2, adx, sha, fma, vzeroupper, clflush, clflushopt, clwb, hv, serialize, rdtscp, rdpid, fsrm, f16c, cet_ibt, cet_ss
Processor Information for the first 12 processors :
  Max Mhz: 1300, Current Mhz: 1300, Mhz Limit: 1300

Memory: 4k page, system-wide physical 16068M (1107M free)
TotalPageFile size 65220M (AvailPageFile size 5M)
current process WorkingSet (physical memory assigned to process): 927M, peak: 927M
current process commit charge ("private bytes"): 861M, peak: 863M

vm_info: OpenJDK 64-Bit Server VM (21.0.7+6-LTS) for windows-amd64 JRE (21.0.7+6-LTS), built on 2025-04-15T00:00:00Z by "admin" with MS VC++ 17.7 (VS2022)

END.
