#
# There is insufficient memory for the Java Runtime Environment to continue.
# Native memory allocation (malloc) failed to allocate 1889376 bytes. Error detail: Chunk::new
# Possible reasons:
#   The system is out of physical RAM or swap space
#   This process is running with CompressedOops enabled, and the Java Heap may be blocking the growth of the native heap
# Possible solutions:
#   Reduce memory load on the system
#   Increase physical memory or swap space
#   Check if swap backing store is full
#   Decrease Java heap size (-Xmx/-Xms)
#   Decrease number of Java threads
#   Decrease Java thread stack sizes (-Xss)
#   Set larger code cache with -XX:ReservedCodeCacheSize=
#   JVM is running with Unscaled Compressed Oops mode in which the Java heap is
#     placed in the first 4GB address space. The Java Heap base address is the
#     maximum limit for the native heap growth. Please use -XX:HeapBaseMinAddress
#     to set the Java Heap base and to place the Java Heap above 4GB virtual address.
# This output file may be truncated or incomplete.
#
#  Out of Memory Error (arena.cpp:168), pid=59096, tid=60300
#
# JRE version: OpenJDK Runtime Environment Temurin-21.0.7+6 (21.0.7+6) (build 21.0.7+6-LTS)
# Java VM: OpenJDK 64-Bit Server VM Temurin-21.0.7+6 (21.0.7+6-LTS, mixed mode, sharing, tiered, compressed oops, compressed class ptrs, parallel gc, windows-amd64)
# No core dump will be written. Minidumps are not enabled by default on client versions of Windows
#

---------------  S U M M A R Y ------------

Command Line: --add-modules=ALL-SYSTEM --add-opens=java.base/java.util=ALL-UNNAMED --add-opens=java.base/java.lang=ALL-UNNAMED --add-opens=java.base/sun.nio.fs=ALL-UNNAMED -Declipse.application=org.eclipse.jdt.ls.core.id1 -Dosgi.bundles.defaultStartLevel=4 -Declipse.product=org.eclipse.jdt.ls.core.product -Djava.import.generatesMetadataFilesAtProjectRoot=false -DDetectVMInstallationsJob.disabled=true -Dfile.encoding=utf8 -XX:+UseParallelGC -XX:GCTimeRatio=4 -XX:AdaptiveSizePolicyWeight=90 -Dsun.zip.disableMemoryMapping=true -Xmx1G -Xms100m -Xlog:disable -javaagent:c:\Users\NataliyaDmitriyenko\.vscode\extensions\redhat.java-1.43.2025052308-win32-x64\lombok\lombok-1.18.36.jar -XX:+HeapDumpOnOutOfMemoryError -XX:HeapDumpPath=c:\Users\NataliyaDmitriyenko\AppData\Roaming\Code\User\workspaceStorage\65ec7478522f7bd1bb10768280e073b5\redhat.java -Daether.dependencyCollector.impl=bf c:\Users\NataliyaDmitriyenko\.vscode\extensions\redhat.java-1.43.2025052308-win32-x64\server\plugins\org.eclipse.equinox.launcher_1.7.0.v20250519-0528.jar -configuration c:\Users\NataliyaDmitriyenko\AppData\Roaming\Code\User\globalStorage\redhat.java\1.43.2025052308\config_win -data c:\Users\NataliyaDmitriyenko\AppData\Roaming\Code\User\workspaceStorage\65ec7478522f7bd1bb10768280e073b5\redhat.java\jdt_ws --pipe=\\.\pipe\lsp-26ea220def28275cc6b872c1551e18a4-sock

Host: 13th Gen Intel(R) Core(TM) i5-1334U, 12 cores, 15G,  Windows 11 , 64 bit Build 26100 (10.0.26100.3775)
Time: Fri May 23 21:01:15 2025 Stindows 11 , 64 bit Build 26100 (10.0.26100.3775) elapsed time: 12.845506 seconds (0d 0h 0m 12s)

---------------  T H R E A D  ---------------

Current thread (0x000001d9629c34a0):  JavaThread "C2 CompilerThread1" daemon [_thread_in_native, id=60300, stack(0x0000003314400000,0x0000003314500000) (1024K)]


Current CompileTask:
C2:12845 9563 %     4       java.util.Properties::load0 @ 29 (249 bytes)

Stack: [0x0000003314400000,0x0000003314500000]
Native frames: (J=compiled Java code, j=interpreted, Vv=VM code, C=native code)
V  [jvm.dll+0x6ce119]
V  [jvm.dll+0x8a84a1]
V  [jvm.dll+0x8aa9ce]
V  [jvm.dll+0x8ab0b3]
V  [jvm.dll+0x27f8a6]
V  [jvm.dll+0xc507d]
V  [jvm.dll+0xc55b3]
V  [jvm.dll+0x3b692c]
V  [jvm.dll+0x1dfe33]
V  [jvm.dll+0x247c42]
V  [jvm.dll+0x2470cf]
V  [jvm.dll+0x1c760e]
V  [jvm.dll+0x25695a]
V  [jvm.dll+0x254efa]
V  [jvm.dll+0x3f03f6]
V  [jvm.dll+0x851f6b]
V  [jvm.dll+0x6cc7dd]
C  [ucrtbase.dll+0x37b0]
C  [KERNEL32.DLL+0x2e8d7]
C  [ntdll.dll+0xb14fc]


---------------  P R O C E S S  ---------------

Threads class SMR info:
_java_thread_list=0x000001d96b837c80, length=66, elements={
0x000001d90c095890, 0x000001d920466050, 0x000001d920468d10, 0x000001d9629b3b60,
0x000001d9629b4b70, 0x000001d9629b6bb0, 0x000001d9629bab70, 0x000001d9629bf070,
0x000001d9629c56b0, 0x000001d90c103890, 0x000001d9629c34a0, 0x000001d962d077f0,
0x000001d9688e1360, 0x000001d9687a45b0, 0x000001d9686a56a0, 0x000001d9686a5d00,
0x000001d968dd8e20, 0x000001d968bf6740, 0x000001d968994710, 0x000001d968996150,
0x000001d968995430, 0x000001d968994da0, 0x000001d968995ac0, 0x000001d9629c2700,
0x000001d968992cd0, 0x000001d968993360, 0x000001d9689939f0, 0x000001d968994080,
0x000001d96a628f90, 0x000001d96a62caa0, 0x000001d96a62bd80, 0x000001d96a62c410,
0x000001d96a629cb0, 0x000001d96a62b6f0, 0x000001d96a62a9d0, 0x000001d96a629620,
0x000001d96a62d130, 0x000001d96a62d7c0, 0x000001d96a62a340, 0x000001d96a62de50,
0x000001d96a62e4e0, 0x000001d96a62b060, 0x000001d96a62eb70, 0x000001d96a62f200,
0x000001d96a62f890, 0x000001d96a62ff20, 0x000001d96a6b2e30, 0x000001d96a6b4870,
0x000001d96a6b34c0, 0x000001d96a6b3b50, 0x000001d96a6b4f00, 0x000001d96a6b41e0,
0x000001d96a6b1a80, 0x000001d96a6b5c20, 0x000001d96a6b8380, 0x000001d96a6b62b0,
0x000001d96a6b6940, 0x000001d96a6b7cf0, 0x000001d96a6b6fd0, 0x000001d96a6b7660,
0x000001d96a6b8a10, 0x000001d96a6b5590, 0x000001d9741a5e40, 0x000001d9741a64d0,
0x000001d9741a7f10, 0x000001d9741a6b60
}

Java Threads: ( => current thread )
  0x000001d90c095890 JavaThread "main"                              [_thread_blocked, id=44940, stack(0x0000003313700000,0x0000003313800000) (1024K)]
  0x000001d920466050 JavaThread "Reference Handler"          daemon [_thread_blocked, id=59136, stack(0x0000003313b00000,0x0000003313c00000) (1024K)]
  0x000001d920468d10 JavaThread "Finalizer"                  daemon [_thread_blocked, id=412, stack(0x0000003313c00000,0x0000003313d00000) (1024K)]
  0x000001d9629b3b60 JavaThread "Signal Dispatcher"          daemon [_thread_blocked, id=30392, stack(0x0000003313d00000,0x0000003313e00000) (1024K)]
  0x000001d9629b4b70 JavaThread "Attach Listener"            daemon [_thread_blocked, id=50712, stack(0x0000003313e00000,0x0000003313f00000) (1024K)]
  0x000001d9629b6bb0 JavaThread "Service Thread"             daemon [_thread_blocked, id=23700, stack(0x0000003313f00000,0x0000003314000000) (1024K)]
  0x000001d9629bab70 JavaThread "Monitor Deflation Thread"   daemon [_thread_blocked, id=8660, stack(0x0000003314000000,0x0000003314100000) (1024K)]
  0x000001d9629bf070 JavaThread "C2 CompilerThread0"         daemon [_thread_blocked, id=36576, stack(0x0000003314100000,0x0000003314200000) (1024K)]
  0x000001d9629c56b0 JavaThread "C1 CompilerThread0"         daemon [_thread_blocked, id=54908, stack(0x0000003314200000,0x0000003314300000) (1024K)]
  0x000001d90c103890 JavaThread "Common-Cleaner"             daemon [_thread_blocked, id=50312, stack(0x0000003314300000,0x0000003314400000) (1024K)]
=>0x000001d9629c34a0 JavaThread "C2 CompilerThread1"         daemon [_thread_in_native, id=60300, stack(0x0000003314400000,0x0000003314500000) (1024K)]
  0x000001d962d077f0 JavaThread "Notification Thread"        daemon [_thread_blocked, id=12940, stack(0x0000003314500000,0x0000003314600000) (1024K)]
  0x000001d9688e1360 JavaThread "Active Thread: Equinox Container: d44c22e0-e317-4cac-84f0-75ddbfa3b775"        [_thread_blocked, id=42280, stack(0x0000003314d00000,0x0000003314e00000) (1024K)]
  0x000001d9687a45b0 JavaThread "Refresh Thread: Equinox Container: d44c22e0-e317-4cac-84f0-75ddbfa3b775" daemon [_thread_blocked, id=53736, stack(0x0000003314e00000,0x0000003314f00000) (1024K)]
  0x000001d9686a56a0 JavaThread "Framework Event Dispatcher: Equinox Container: d44c22e0-e317-4cac-84f0-75ddbfa3b775" daemon [_thread_blocked, id=58444, stack(0x0000003315000000,0x0000003315100000) (1024K)]
  0x000001d9686a5d00 JavaThread "Start Level: Equinox Container: d44c22e0-e317-4cac-84f0-75ddbfa3b775" daemon [_thread_blocked, id=51292, stack(0x0000003315100000,0x0000003315200000) (1024K)]
  0x000001d968dd8e20 JavaThread "Bundle File Closer"         daemon [_thread_blocked, id=51704, stack(0x0000003315400000,0x0000003315500000) (1024K)]
  0x000001d968bf6740 JavaThread "SCR Component Actor"        daemon [_thread_blocked, id=20100, stack(0x0000003315500000,0x0000003315600000) (1024K)]
  0x000001d968994710 JavaThread "Worker-JM"                         [_thread_blocked, id=28972, stack(0x0000003315700000,0x0000003315800000) (1024K)]
  0x000001d968996150 JavaThread "JNA Cleaner"                daemon [_thread_blocked, id=44740, stack(0x0000003314600000,0x0000003314700000) (1024K)]
  0x000001d968995430 JavaThread "Worker-0: Building"                [_thread_blocked, id=47856, stack(0x0000003315800000,0x0000003315900000) (1024K)]
  0x000001d968994da0 JavaThread "Worker-1"                          [_thread_blocked, id=33408, stack(0x0000003315900000,0x0000003315a00000) (1024K)]
  0x000001d968995ac0 JavaThread "Worker-2"                          [_thread_blocked, id=54816, stack(0x0000003315a00000,0x0000003315b00000) (1024K)]
  0x000001d9629c2700 JavaThread "C2 CompilerThread2"         daemon [_thread_blocked, id=15356, stack(0x0000003315b00000,0x0000003315c00000) (1024K)]
  0x000001d968992cd0 JavaThread "Java indexing"              daemon [_thread_blocked, id=52156, stack(0x0000003315c00000,0x0000003315d00000) (1024K)]
  0x000001d968993360 JavaThread "Worker-3: Java indexing... "        [_thread_blocked, id=16848, stack(0x0000003315d00000,0x0000003315e00000) (1024K)]
  0x000001d9689939f0 JavaThread "Worker-4"                          [_thread_blocked, id=44228, stack(0x0000003316100000,0x0000003316200000) (1024K)]
  0x000001d968994080 JavaThread "Worker-5"                          [_thread_blocked, id=38576, stack(0x0000003316200000,0x0000003316300000) (1024K)]
  0x000001d96a628f90 JavaThread "Thread-2"                   daemon [_thread_in_native, id=59752, stack(0x0000003316300000,0x0000003316400000) (1024K)]
  0x000001d96a62caa0 JavaThread "Thread-3"                   daemon [_thread_in_native, id=52000, stack(0x0000003316400000,0x0000003316500000) (1024K)]
  0x000001d96a62bd80 JavaThread "Thread-4"                   daemon [_thread_in_native, id=15552, stack(0x0000003316500000,0x0000003316600000) (1024K)]
  0x000001d96a62c410 JavaThread "Thread-5"                   daemon [_thread_in_native, id=40884, stack(0x0000003316600000,0x0000003316700000) (1024K)]
  0x000001d96a629cb0 JavaThread "Thread-6"                   daemon [_thread_in_native, id=29540, stack(0x0000003316700000,0x0000003316800000) (1024K)]
  0x000001d96a62b6f0 JavaThread "Thread-7"                   daemon [_thread_in_native, id=53384, stack(0x0000003316800000,0x0000003316900000) (1024K)]
  0x000001d96a62a9d0 JavaThread "Thread-8"                   daemon [_thread_in_native, id=58356, stack(0x0000003316900000,0x0000003316a00000) (1024K)]
  0x000001d96a629620 JavaThread "Thread-9"                   daemon [_thread_in_native, id=61392, stack(0x0000003316a00000,0x0000003316b00000) (1024K)]
  0x000001d96a62d130 JavaThread "Thread-10"                  daemon [_thread_in_native, id=60852, stack(0x0000003316b00000,0x0000003316c00000) (1024K)]
  0x000001d96a62d7c0 JavaThread "Thread-11"                  daemon [_thread_in_native, id=54168, stack(0x0000003316c00000,0x0000003316d00000) (1024K)]
  0x000001d96a62a340 JavaThread "Thread-12"                  daemon [_thread_in_native, id=61024, stack(0x0000003316d00000,0x0000003316e00000) (1024K)]
  0x000001d96a62de50 JavaThread "Thread-13"                  daemon [_thread_in_native, id=26836, stack(0x0000003316e00000,0x0000003316f00000) (1024K)]
  0x000001d96a62e4e0 JavaThread "Thread-14"                  daemon [_thread_in_native, id=30828, stack(0x0000003316f00000,0x0000003317000000) (1024K)]
  0x000001d96a62b060 JavaThread "pool-2-thread-1"                   [_thread_blocked, id=55824, stack(0x0000003317000000,0x0000003317100000) (1024K)]
  0x000001d96a62eb70 JavaThread "Worker-6"                          [_thread_blocked, id=49960, stack(0x0000003317100000,0x0000003317200000) (1024K)]
  0x000001d96a62f200 JavaThread "Worker-7"                          [_thread_blocked, id=57444, stack(0x0000003317200000,0x0000003317300000) (1024K)]
  0x000001d96a62f890 JavaThread "WorkspaceEventsHandler"            [_thread_blocked, id=30844, stack(0x0000003317300000,0x0000003317400000) (1024K)]
  0x000001d96a62ff20 JavaThread "pool-1-thread-1"                   [_thread_blocked, id=58048, stack(0x0000003317400000,0x0000003317500000) (1024K)]
  0x000001d96a6b2e30 JavaThread "LocalFile Deleter"          daemon [_thread_blocked, id=38116, stack(0x0000003317500000,0x0000003317600000) (1024K)]
  0x000001d96a6b4870 JavaThread "LocalFile Deleter"          daemon [_thread_blocked, id=52080, stack(0x0000003317600000,0x0000003317700000) (1024K)]
  0x000001d96a6b34c0 JavaThread "LocalFile Deleter"          daemon [_thread_blocked, id=34072, stack(0x0000003317700000,0x0000003317800000) (1024K)]
  0x000001d96a6b3b50 JavaThread "LocalFile Deleter"          daemon [_thread_blocked, id=30792, stack(0x0000003317800000,0x0000003317900000) (1024K)]
  0x000001d96a6b4f00 JavaThread "LocalFile Deleter"          daemon [_thread_blocked, id=7824, stack(0x0000003317900000,0x0000003317a00000) (1024K)]
  0x000001d96a6b41e0 JavaThread "LocalFile Deleter"          daemon [_thread_blocked, id=12472, stack(0x0000003317a00000,0x0000003317b00000) (1024K)]
  0x000001d96a6b1a80 JavaThread "LocalFile Deleter"          daemon [_thread_blocked, id=38080, stack(0x0000003317b00000,0x0000003317c00000) (1024K)]
  0x000001d96a6b5c20 JavaThread "LocalFile Deleter"          daemon [_thread_blocked, id=61072, stack(0x0000003317c00000,0x0000003317d00000) (1024K)]
  0x000001d96a6b8380 JavaThread "LocalFile Deleter"          daemon [_thread_blocked, id=60308, stack(0x0000003317d00000,0x0000003317e00000) (1024K)]
  0x000001d96a6b62b0 JavaThread "LocalFile Deleter"          daemon [_thread_blocked, id=31488, stack(0x0000003317e00000,0x0000003317f00000) (1024K)]
  0x000001d96a6b6940 JavaThread "LocalFile Deleter"          daemon [_thread_blocked, id=44944, stack(0x0000003317f00000,0x0000003318000000) (1024K)]
  0x000001d96a6b7cf0 JavaThread "LocalFile Deleter"          daemon [_thread_blocked, id=29484, stack(0x0000003318000000,0x0000003318100000) (1024K)]
  0x000001d96a6b6fd0 JavaThread "Compiler Source File Reader" daemon [_thread_blocked, id=59868, stack(0x0000003318100000,0x0000003318200000) (1024K)]
  0x000001d96a6b7660 JavaThread "Compiler Source File Reader" daemon [_thread_blocked, id=60516, stack(0x0000003318200000,0x0000003318300000) (1024K)]
  0x000001d96a6b8a10 JavaThread "Compiler Source File Reader" daemon [_thread_blocked, id=57672, stack(0x0000003318300000,0x0000003318400000) (1024K)]
  0x000001d96a6b5590 JavaThread "Compiler Source File Reader" daemon [_thread_blocked, id=34116, stack(0x0000003318400000,0x0000003318500000) (1024K)]
  0x000001d9741a5e40 JavaThread "Compiler Processing Task"   daemon [_thread_blocked, id=59640, stack(0x0000003318500000,0x0000003318600000) (1024K)]
  0x000001d9741a64d0 JavaThread "Compiler Class File Writer" daemon [_thread_blocked, id=61340, stack(0x0000003318600000,0x0000003318700000) (1024K)]
  0x000001d9741a7f10 JavaThread "Compiler Source File Reader" daemon [_thread_blocked, id=55788, stack(0x0000003318700000,0x0000003318800000) (1024K)]
  0x000001d9741a6b60 JavaThread "Compiler Class File Writer" daemon [_thread_blocked, id=21292, stack(0x0000003318800000,0x0000003318900000) (1024K)]
Total: 66

Other Threads:
  0x000001d909b820b0 VMThread "VM Thread"                           [id=17748, stack(0x0000003313a00000,0x0000003313b00000) (1024K)]
  0x000001d92034ca00 WatcherThread "VM Periodic Task Thread"        [id=3640, stack(0x0000003313900000,0x0000003313a00000) (1024K)]
  0x000001d909b832d0 WorkerThread "GC Thread#0"                     [id=11420, stack(0x0000003313800000,0x0000003313900000) (1024K)]
  0x000001d909b82f30 WorkerThread "GC Thread#1"                     [id=57480, stack(0x0000003314700000,0x0000003314800000) (1024K)]
  0x000001d909b827f0 WorkerThread "GC Thread#2"                     [id=4132, stack(0x0000003314800000,0x0000003314900000) (1024K)]
  0x000001d9685f6c20 WorkerThread "GC Thread#3"                     [id=10836, stack(0x0000003314900000,0x0000003314a00000) (1024K)]
  0x000001d9685f7e40 WorkerThread "GC Thread#4"                     [id=58716, stack(0x0000003314a00000,0x0000003314b00000) (1024K)]
  0x000001d9685f7aa0 WorkerThread "GC Thread#5"                     [id=9396, stack(0x0000003314b00000,0x0000003314c00000) (1024K)]
  0x000001d9685f7700 WorkerThread "GC Thread#6"                     [id=12612, stack(0x0000003314c00000,0x0000003314d00000) (1024K)]
  0x000001d9685f81e0 WorkerThread "GC Thread#7"                     [id=30400, stack(0x0000003314f00000,0x0000003315000000) (1024K)]
  0x000001d9685f6880 WorkerThread "GC Thread#8"                     [id=55028, stack(0x0000003315200000,0x0000003315300000) (1024K)]
  0x000001d9685f7360 WorkerThread "GC Thread#9"                     [id=40148, stack(0x0000003315300000,0x0000003315400000) (1024K)]
Total: 12

Threads with active compile tasks:
C2 CompilerThread0  12869 9721   !   4       org.codehaus.plexus.util.xml.pull.MXParser::parseComment (590 bytes)
C2 CompilerThread1  12869 9563 %     4       java.util.Properties::load0 @ 29 (249 bytes)
C2 CompilerThread2  12869 9747       4       org.eclipse.jdt.internal.core.index.DiskIndex::writeStreamChars (220 bytes)
Total: 3

VM state: at safepoint (normal execution)

VM Mutex/Monitor currently owned by a thread:  ([mutex/lock_event])
[0x00007ffe97ede308] Threads_lock - owner thread: 0x000001d909b820b0
[0x00007ffe97ede408] Heap_lock - owner thread: 0x000001d968992cd0
[0x00007ffe97ede888] PSOldGenExpand_lock - owner thread: 0x000001d9685f7700

Heap address: 0x00000000c0000000, size: 1024 MB, Compressed Oops mode: 32-bit

CDS archive(s) mapped at: [0x000001d921000000-0x000001d921ba0000-0x000001d921ba0000), size 12189696, SharedBaseAddress: 0x000001d921000000, ArchiveRelocationMode: 1.
Compressed class space mapped at: 0x000001d922000000-0x000001d962000000, reserved size: 1073741824
Narrow klass base: 0x000001d921000000, Narrow klass shift: 0, Narrow klass range: 0x100000000

GC Precious Log:
 CardTable entry size: 512
 CPUs: 12 total, 12 available
 Memory: 16068M
 Large Page Support: Disabled
 NUMA Support: Disabled
 Compressed Oops: Enabled (32-bit)
 Alignments: Space 512K, Generation 512K, Heap 2M
 Heap Min Capacity: 100M
 Heap Initial Capacity: 100M
 Heap Max Capacity: 1G
 Pre-touch: Disabled
 Parallel Workers: 10

Heap:
 PSYoungGen      total 5120K, used 4724K [0x00000000eab00000, 0x00000000eb300000, 0x0000000100000000)
  eden space 3072K, 100% used [0x00000000eab00000,0x00000000eae00000,0x00000000eae00000)
  from space 2048K, 80% used [0x00000000eae00000,0x00000000eaf9d000,0x00000000eb000000)
  to   space 2048K, 53% used [0x00000000eb100000,0x00000000eb210000,0x00000000eb300000)
 ParOldGen       total 407040K, used 406816K [0x00000000c0000000, 0x00000000d8d80000, 0x00000000eab00000)
  object space 407040K, 99% used [0x00000000c0000000,0x00000000d8d48008,0x00000000d8d80000)
 Metaspace       used 57013K, committed 58432K, reserved 1114112K
  class space    used 6026K, committed 6656K, reserved 1048576K

Card table byte_map: [0x000001d90ba20000,0x000001d90bc30000] _byte_map_base: 0x000001d90b420000

Marking Bits: (ParMarkBitMap*) 0x00007ffe97ee31f0
 Begin Bits: [0x000001d91e270000, 0x000001d91f270000)
 End Bits:   [0x000001d91f270000, 0x000001d920270000)

Polling page: 0x000001d909e70000

Metaspace:

Usage:
  Non-class:     49.79 MB used.
      Class:      5.89 MB used.
       Both:     55.68 MB used.

Virtual space:
  Non-class space:       64.00 MB reserved,      50.56 MB ( 79%) committed,  1 nodes.
      Class space:        1.00 GB reserved,       6.50 MB ( <1%) committed,  1 nodes.
             Both:        1.06 GB reserved,      57.06 MB (  5%) committed. 

Chunk freelists:
   Non-Class:  13.09 MB
       Class:  9.51 MB
        Both:  22.60 MB

MaxMetaspaceSize: unlimited
CompressedClassSpaceSize: 1.00 GB
Initial GC threshold: 21.00 MB
Current GC threshold: 58.38 MB
CDS: on
 - commit_granule_bytes: 65536.
 - commit_granule_words: 8192.
 - virtual_space_node_default_size: 8388608.
 - enlarge_chunks_in_place: 1.
 - use_allocation_guard: 0.


Internal statistics:

num_allocs_failed_limit: 6.
num_arena_births: 1124.
num_arena_deaths: 14.
num_vsnodes_births: 2.
num_vsnodes_deaths: 0.
num_space_committed: 913.
num_space_uncommitted: 0.
num_chunks_returned_to_freelist: 20.
num_chunks_taken_from_freelist: 3814.
num_chunk_merges: 10.
num_chunk_splits: 2343.
num_chunks_enlarged: 1296.
num_inconsistent_stats: 0.

CodeHeap 'non-profiled nmethods': size=120000Kb used=6168Kb max_used=6168Kb free=113831Kb
 bounds [0x000001d916d40000, 0x000001d917350000, 0x000001d91e270000]
CodeHeap 'profiled nmethods': size=120000Kb used=18487Kb max_used=18487Kb free=101512Kb
 bounds [0x000001d90f270000, 0x000001d910480000, 0x000001d9167a0000]
CodeHeap 'non-nmethods': size=5760Kb used=1410Kb max_used=1477Kb free=4350Kb
 bounds [0x000001d9167a0000, 0x000001d916a10000, 0x000001d916d40000]
 total_blobs=9846 nmethods=9126 adapters=626
 compilation: enabled
              stopped_count=0, restarted_count=0
 full_count=0

Compilation events (20 events):
Event: 11.831 Thread 0x000001d9629c56b0 9762       2       java.util.ArrayList::listIterator (15 bytes)
Event: 11.831 Thread 0x000001d9629c56b0 nmethod 9762 0x000001d91047c690 code [0x000001d91047c860, 0x000001d91047cb28]
Event: 11.831 Thread 0x000001d9629c56b0 9761       2       org.codehaus.plexus.configuration.DefaultPlexusConfiguration::getValue (17 bytes)
Event: 11.831 Thread 0x000001d9629c56b0 nmethod 9761 0x000001d91047cc90 code [0x000001d91047ce20, 0x000001d91047cf38]
Event: 11.831 Thread 0x000001d9629c56b0 9758       2       java.util.stream.AbstractPipeline::sequential (10 bytes)
Event: 11.831 Thread 0x000001d9629c56b0 nmethod 9758 0x000001d91047d010 code [0x000001d91047d1a0, 0x000001d91047d2b8]
Event: 11.831 Thread 0x000001d9629c56b0 9759       1       java.util.stream.Streams$AbstractStreamBuilderImpl::characteristics (4 bytes)
Event: 11.831 Thread 0x000001d9629c56b0 nmethod 9759 0x000001d91733fa90 code [0x000001d91733fc20, 0x000001d91733fce8]
Event: 11.831 Thread 0x000001d9629c56b0 9760       2       java.util.stream.ReferencePipeline$Head::forEach (26 bytes)
Event: 11.832 Thread 0x000001d9629c56b0 nmethod 9760 0x000001d91047d390 code [0x000001d91047d580, 0x000001d91047d8b0]
Event: 11.832 Thread 0x000001d9629c56b0 9764       1       org.eclipse.core.runtime.preferences.InstanceScope::getName (3 bytes)
Event: 11.832 Thread 0x000001d9629c56b0 nmethod 9764 0x000001d91733fd90 code [0x000001d91733ff20, 0x000001d91733fff0]
Event: 11.832 Thread 0x000001d9629c56b0 9765       2       java.lang.Math::addExact (26 bytes)
Event: 11.832 Thread 0x000001d9629c56b0 nmethod 9765 0x000001d91047da90 code [0x000001d91047dc40, 0x000001d91047ddf8]
Event: 11.832 Thread 0x000001d9629c56b0 9763       1       org.apache.maven.plugin.descriptor.Parameter::getImplementation (5 bytes)
Event: 11.832 Thread 0x000001d9629c56b0 nmethod 9763 0x000001d917340090 code [0x000001d917340220, 0x000001d9173402e8]
Event: 11.832 Thread 0x000001d9629c56b0 9766       1       java.lang.invoke.MethodHandleImpl$CountingWrapper::getTarget (5 bytes)
Event: 11.832 Thread 0x000001d9629c56b0 nmethod 9766 0x000001d917340390 code [0x000001d917340520, 0x000001d9173405e8]
Event: 11.836 Thread 0x000001d9629c2700 nmethod 9664 0x000001d917340690 code [0x000001d917340c00, 0x000001d917343fc0]
Event: 11.839 Thread 0x000001d9629c2700 9747       4       org.eclipse.jdt.internal.core.index.DiskIndex::writeStreamChars (220 bytes)

GC Heap History (20 events):
Event: 10.458 GC heap after
{Heap after GC invocations=374 (full 2):
 PSYoungGen      total 5120K, used 2363K [0x00000000eab00000, 0x00000000eb280000, 0x0000000100000000)
  eden space 2560K, 0% used [0x00000000eab00000,0x00000000eab00000,0x00000000ead80000)
  from space 2560K, 92% used [0x00000000eb000000,0x00000000eb24ef70,0x00000000eb280000)
  to   space 2560K, 0% used [0x00000000ead80000,0x00000000ead80000,0x00000000eb000000)
 ParOldGen       total 390656K, used 390334K [0x00000000c0000000, 0x00000000d7d80000, 0x00000000eab00000)
  object space 390656K, 99% used [0x00000000c0000000,0x00000000d7d2f920,0x00000000d7d80000)
 Metaspace       used 56399K, committed 57792K, reserved 1114112K
  class space    used 5949K, committed 6592K, reserved 1048576K
}
Event: 10.490 GC heap before
{Heap before GC invocations=375 (full 2):
 PSYoungGen      total 5120K, used 4923K [0x00000000eab00000, 0x00000000eb280000, 0x0000000100000000)
  eden space 2560K, 100% used [0x00000000eab00000,0x00000000ead80000,0x00000000ead80000)
  from space 2560K, 92% used [0x00000000eb000000,0x00000000eb24ef70,0x00000000eb280000)
  to   space 2560K, 0% used [0x00000000ead80000,0x00000000ead80000,0x00000000eb000000)
 ParOldGen       total 390656K, used 390334K [0x00000000c0000000, 0x00000000d7d80000, 0x00000000eab00000)
  object space 390656K, 99% used [0x00000000c0000000,0x00000000d7d2f920,0x00000000d7d80000)
 Metaspace       used 56403K, committed 57792K, reserved 1114112K
  class space    used 5949K, committed 6592K, reserved 1048576K
}
Event: 10.494 GC heap after
{Heap after GC invocations=375 (full 2):
 PSYoungGen      total 5120K, used 2295K [0x00000000eab00000, 0x00000000eb280000, 0x0000000100000000)
  eden space 2560K, 0% used [0x00000000eab00000,0x00000000eab00000,0x00000000ead80000)
  from space 2560K, 89% used [0x00000000ead80000,0x00000000eafbdc98,0x00000000eb000000)
  to   space 2560K, 0% used [0x00000000eb000000,0x00000000eb000000,0x00000000eb280000)
 ParOldGen       total 393216K, used 392600K [0x00000000c0000000, 0x00000000d8000000, 0x00000000eab00000)
  object space 393216K, 99% used [0x00000000c0000000,0x00000000d7f66328,0x00000000d8000000)
 Metaspace       used 56403K, committed 57792K, reserved 1114112K
  class space    used 5949K, committed 6592K, reserved 1048576K
}
Event: 10.524 GC heap before
{Heap before GC invocations=376 (full 2):
 PSYoungGen      total 5120K, used 4677K [0x00000000eab00000, 0x00000000eb280000, 0x0000000100000000)
  eden space 2560K, 93% used [0x00000000eab00000,0x00000000ead538f0,0x00000000ead80000)
  from space 2560K, 89% used [0x00000000ead80000,0x00000000eafbdc98,0x00000000eb000000)
  to   space 2560K, 0% used [0x00000000eb000000,0x00000000eb000000,0x00000000eb280000)
 ParOldGen       total 393216K, used 392600K [0x00000000c0000000, 0x00000000d8000000, 0x00000000eab00000)
  object space 393216K, 99% used [0x00000000c0000000,0x00000000d7f66328,0x00000000d8000000)
 Metaspace       used 56436K, committed 57856K, reserved 1114112K
  class space    used 5956K, committed 6592K, reserved 1048576K
}
Event: 10.530 GC heap after
{Heap after GC invocations=376 (full 2):
 PSYoungGen      total 5120K, used 1939K [0x00000000eab00000, 0x00000000eb280000, 0x0000000100000000)
  eden space 2560K, 0% used [0x00000000eab00000,0x00000000eab00000,0x00000000ead80000)
  from space 2560K, 75% used [0x00000000eb000000,0x00000000eb1e4e28,0x00000000eb280000)
  to   space 2560K, 0% used [0x00000000ead80000,0x00000000ead80000,0x00000000eb000000)
 ParOldGen       total 395264K, used 394801K [0x00000000c0000000, 0x00000000d8200000, 0x00000000eab00000)
  object space 395264K, 99% used [0x00000000c0000000,0x00000000d818c450,0x00000000d8200000)
 Metaspace       used 56436K, committed 57856K, reserved 1114112K
  class space    used 5956K, committed 6592K, reserved 1048576K
}
Event: 10.551 GC heap before
{Heap before GC invocations=377 (full 2):
 PSYoungGen      total 5120K, used 4492K [0x00000000eab00000, 0x00000000eb280000, 0x0000000100000000)
  eden space 2560K, 99% used [0x00000000eab00000,0x00000000ead7e368,0x00000000ead80000)
  from space 2560K, 75% used [0x00000000eb000000,0x00000000eb1e4e28,0x00000000eb280000)
  to   space 2560K, 0% used [0x00000000ead80000,0x00000000ead80000,0x00000000eb000000)
 ParOldGen       total 395264K, used 394801K [0x00000000c0000000, 0x00000000d8200000, 0x00000000eab00000)
  object space 395264K, 99% used [0x00000000c0000000,0x00000000d818c450,0x00000000d8200000)
 Metaspace       used 56544K, committed 57984K, reserved 1114112K
  class space    used 5967K, committed 6592K, reserved 1048576K
}
Event: 10.556 GC heap after
{Heap after GC invocations=377 (full 2):
 PSYoungGen      total 4608K, used 1918K [0x00000000eab00000, 0x00000000eb180000, 0x0000000100000000)
  eden space 2560K, 0% used [0x00000000eab00000,0x00000000eab00000,0x00000000ead80000)
  from space 2048K, 93% used [0x00000000ead80000,0x00000000eaf5fa18,0x00000000eaf80000)
  to   space 2048K, 0% used [0x00000000eaf80000,0x00000000eaf80000,0x00000000eb180000)
 ParOldGen       total 396800K, used 396624K [0x00000000c0000000, 0x00000000d8380000, 0x00000000eab00000)
  object space 396800K, 99% used [0x00000000c0000000,0x00000000d83541b8,0x00000000d8380000)
 Metaspace       used 56544K, committed 57984K, reserved 1114112K
  class space    used 5967K, committed 6592K, reserved 1048576K
}
Event: 10.593 GC heap before
{Heap before GC invocations=378 (full 2):
 PSYoungGen      total 4608K, used 4271K [0x00000000eab00000, 0x00000000eb180000, 0x0000000100000000)
  eden space 2560K, 91% used [0x00000000eab00000,0x00000000ead4c5c0,0x00000000ead80000)
  from space 2048K, 93% used [0x00000000ead80000,0x00000000eaf5fa18,0x00000000eaf80000)
  to   space 2048K, 0% used [0x00000000eaf80000,0x00000000eaf80000,0x00000000eb180000)
 ParOldGen       total 396800K, used 396624K [0x00000000c0000000, 0x00000000d8380000, 0x00000000eab00000)
  object space 396800K, 99% used [0x00000000c0000000,0x00000000d83541b8,0x00000000d8380000)
 Metaspace       used 56705K, committed 58176K, reserved 1114112K
  class space    used 5983K, committed 6656K, reserved 1048576K
}
Event: 10.599 GC heap after
{Heap after GC invocations=378 (full 2):
 PSYoungGen      total 4096K, used 1255K [0x00000000eab00000, 0x00000000eb100000, 0x0000000100000000)
  eden space 2560K, 0% used [0x00000000eab00000,0x00000000eab00000,0x00000000ead80000)
  from space 1536K, 81% used [0x00000000eaf80000,0x00000000eb0b9fa0,0x00000000eb100000)
  to   space 1536K, 0% used [0x00000000eae00000,0x00000000eae00000,0x00000000eaf80000)
 ParOldGen       total 398848K, used 398405K [0x00000000c0000000, 0x00000000d8580000, 0x00000000eab00000)
  object space 398848K, 99% used [0x00000000c0000000,0x00000000d8511618,0x00000000d8580000)
 Metaspace       used 56705K, committed 58176K, reserved 1114112K
  class space    used 5983K, committed 6656K, reserved 1048576K
}
Event: 10.637 GC heap before
{Heap before GC invocations=379 (full 2):
 PSYoungGen      total 4096K, used 3813K [0x00000000eab00000, 0x00000000eb100000, 0x0000000100000000)
  eden space 2560K, 99% used [0x00000000eab00000,0x00000000ead7f4d0,0x00000000ead80000)
  from space 1536K, 81% used [0x00000000eaf80000,0x00000000eb0b9fa0,0x00000000eb100000)
  to   space 1536K, 0% used [0x00000000eae00000,0x00000000eae00000,0x00000000eaf80000)
 ParOldGen       total 398848K, used 398405K [0x00000000c0000000, 0x00000000d8580000, 0x00000000eab00000)
  object space 398848K, 99% used [0x00000000c0000000,0x00000000d8511618,0x00000000d8580000)
 Metaspace       used 56762K, committed 58240K, reserved 1114112K
  class space    used 5998K, committed 6656K, reserved 1048576K
}
Event: 10.644 GC heap after
{Heap after GC invocations=379 (full 2):
 PSYoungGen      total 4096K, used 1511K [0x00000000eab00000, 0x00000000eb480000, 0x0000000100000000)
  eden space 2560K, 0% used [0x00000000eab00000,0x00000000eab00000,0x00000000ead80000)
  from space 1536K, 98% used [0x00000000eae00000,0x00000000eaf79fa0,0x00000000eaf80000)
  to   space 3584K, 0% used [0x00000000eb100000,0x00000000eb100000,0x00000000eb480000)
 ParOldGen       total 399872K, used 399846K [0x00000000c0000000, 0x00000000d8680000, 0x00000000eab00000)
  object space 399872K, 99% used [0x00000000c0000000,0x00000000d8679a58,0x00000000d8680000)
 Metaspace       used 56762K, committed 58240K, reserved 1114112K
  class space    used 5998K, committed 6656K, reserved 1048576K
}
Event: 10.669 GC heap before
{Heap before GC invocations=380 (full 2):
 PSYoungGen      total 4096K, used 4071K [0x00000000eab00000, 0x00000000eb480000, 0x0000000100000000)
  eden space 2560K, 100% used [0x00000000eab00000,0x00000000ead80000,0x00000000ead80000)
  from space 1536K, 98% used [0x00000000eae00000,0x00000000eaf79fa0,0x00000000eaf80000)
  to   space 3584K, 0% used [0x00000000eb100000,0x00000000eb100000,0x00000000eb480000)
 ParOldGen       total 399872K, used 399846K [0x00000000c0000000, 0x00000000d8680000, 0x00000000eab00000)
  object space 399872K, 99% used [0x00000000c0000000,0x00000000d8679a58,0x00000000d8680000)
 Metaspace       used 56814K, committed 58240K, reserved 1114112K
  class space    used 6004K, committed 6656K, reserved 1048576K
}
Event: 10.673 GC heap after
{Heap after GC invocations=380 (full 2):
 PSYoungGen      total 4096K, used 1203K [0x00000000eab00000, 0x00000000eb280000, 0x0000000100000000)
  eden space 2560K, 0% used [0x00000000eab00000,0x00000000eab00000,0x00000000ead80000)
  from space 1536K, 78% used [0x00000000eb100000,0x00000000eb22cfd0,0x00000000eb280000)
  to   space 2048K, 0% used [0x00000000eae80000,0x00000000eae80000,0x00000000eb080000)
 ParOldGen       total 401408K, used 401361K [0x00000000c0000000, 0x00000000d8800000, 0x00000000eab00000)
  object space 401408K, 99% used [0x00000000c0000000,0x00000000d87f4488,0x00000000d8800000)
 Metaspace       used 56814K, committed 58240K, reserved 1114112K
  class space    used 6004K, committed 6656K, reserved 1048576K
}
Event: 10.715 GC heap before
{Heap before GC invocations=381 (full 2):
 PSYoungGen      total 4096K, used 3763K [0x00000000eab00000, 0x00000000eb280000, 0x0000000100000000)
  eden space 2560K, 100% used [0x00000000eab00000,0x00000000ead80000,0x00000000ead80000)
  from space 1536K, 78% used [0x00000000eb100000,0x00000000eb22cfd0,0x00000000eb280000)
  to   space 2048K, 0% used [0x00000000eae80000,0x00000000eae80000,0x00000000eb080000)
 ParOldGen       total 401408K, used 401361K [0x00000000c0000000, 0x00000000d8800000, 0x00000000eab00000)
  object space 401408K, 99% used [0x00000000c0000000,0x00000000d87f4488,0x00000000d8800000)
 Metaspace       used 56832K, committed 58240K, reserved 1114112K
  class space    used 6006K, committed 6656K, reserved 1048576K
}
Event: 10.723 GC heap after
{Heap after GC invocations=381 (full 2):
 PSYoungGen      total 4608K, used 1991K [0x00000000eab00000, 0x00000000eb280000, 0x0000000100000000)
  eden space 2560K, 0% used [0x00000000eab00000,0x00000000eab00000,0x00000000ead80000)
  from space 2048K, 97% used [0x00000000eae80000,0x00000000eb071d80,0x00000000eb080000)
  to   space 2048K, 0% used [0x00000000eb080000,0x00000000eb080000,0x00000000eb280000)
 ParOldGen       total 402432K, used 402430K [0x00000000c0000000, 0x00000000d8900000, 0x00000000eab00000)
  object space 402432K, 99% used [0x00000000c0000000,0x00000000d88ff9a0,0x00000000d8900000)
 Metaspace       used 56832K, committed 58240K, reserved 1114112K
  class space    used 6006K, committed 6656K, reserved 1048576K
}
Event: 10.760 GC heap before
{Heap before GC invocations=382 (full 2):
 PSYoungGen      total 4608K, used 4551K [0x00000000eab00000, 0x00000000eb280000, 0x0000000100000000)
  eden space 2560K, 100% used [0x00000000eab00000,0x00000000ead80000,0x00000000ead80000)
  from space 2048K, 97% used [0x00000000eae80000,0x00000000eb071d80,0x00000000eb080000)
  to   space 2048K, 0% used [0x00000000eb080000,0x00000000eb080000,0x00000000eb280000)
 ParOldGen       total 402432K, used 402430K [0x00000000c0000000, 0x00000000d8900000, 0x00000000eab00000)
  object space 402432K, 99% used [0x00000000c0000000,0x00000000d88ff9a0,0x00000000d8900000)
 Metaspace       used 56887K, committed 58304K, reserved 1114112K
  class space    used 6013K, committed 6656K, reserved 1048576K
}
Event: 11.781 GC heap after
{Heap after GC invocations=382 (full 2):
 PSYoungGen      total 4608K, used 1391K [0x00000000eab00000, 0x00000000eb200000, 0x0000000100000000)
  eden space 3072K, 0% used [0x00000000eab00000,0x00000000eab00000,0x00000000eae00000)
  from space 1536K, 90% used [0x00000000eb080000,0x00000000eb1dbf40,0x00000000eb200000)
  to   space 2048K, 0% used [0x00000000eae00000,0x00000000eae00000,0x00000000eb000000)
 ParOldGen       total 404480K, used 404177K [0x00000000c0000000, 0x00000000d8b00000, 0x00000000eab00000)
  object space 404480K, 99% used [0x00000000c0000000,0x00000000d8ab4660,0x00000000d8b00000)
 Metaspace       used 56887K, committed 58304K, reserved 1114112K
  class space    used 6013K, committed 6656K, reserved 1048576K
}
Event: 11.802 GC heap before
{Heap before GC invocations=383 (full 2):
 PSYoungGen      total 4608K, used 4463K [0x00000000eab00000, 0x00000000eb200000, 0x0000000100000000)
  eden space 3072K, 100% used [0x00000000eab00000,0x00000000eae00000,0x00000000eae00000)
  from space 1536K, 90% used [0x00000000eb080000,0x00000000eb1dbf40,0x00000000eb200000)
  to   space 2048K, 0% used [0x00000000eae00000,0x00000000eae00000,0x00000000eb000000)
 ParOldGen       total 404480K, used 404177K [0x00000000c0000000, 0x00000000d8b00000, 0x00000000eab00000)
  object space 404480K, 99% used [0x00000000c0000000,0x00000000d8ab4660,0x00000000d8b00000)
 Metaspace       used 56889K, committed 58304K, reserved 1114112K
  class space    used 6013K, committed 6656K, reserved 1048576K
}
Event: 11.806 GC heap after
{Heap after GC invocations=383 (full 2):
 PSYoungGen      total 5120K, used 1652K [0x00000000eab00000, 0x00000000eb300000, 0x0000000100000000)
  eden space 3072K, 0% used [0x00000000eab00000,0x00000000eab00000,0x00000000eae00000)
  from space 2048K, 80% used [0x00000000eae00000,0x00000000eaf9d000,0x00000000eb000000)
  to   space 2048K, 0% used [0x00000000eb100000,0x00000000eb100000,0x00000000eb300000)
 ParOldGen       total 406528K, used 406185K [0x00000000c0000000, 0x00000000d8d00000, 0x00000000eab00000)
  object space 406528K, 99% used [0x00000000c0000000,0x00000000d8caa560,0x00000000d8d00000)
 Metaspace       used 56889K, committed 58304K, reserved 1114112K
  class space    used 6013K, committed 6656K, reserved 1048576K
}
Event: 11.845 GC heap before
{Heap before GC invocations=384 (full 2):
 PSYoungGen      total 5120K, used 4724K [0x00000000eab00000, 0x00000000eb300000, 0x0000000100000000)
  eden space 3072K, 100% used [0x00000000eab00000,0x00000000eae00000,0x00000000eae00000)
  from space 2048K, 80% used [0x00000000eae00000,0x00000000eaf9d000,0x00000000eb000000)
  to   space 2048K, 0% used [0x00000000eb100000,0x00000000eb100000,0x00000000eb300000)
 ParOldGen       total 406528K, used 406185K [0x00000000c0000000, 0x00000000d8d00000, 0x00000000eab00000)
  object space 406528K, 99% used [0x00000000c0000000,0x00000000d8caa560,0x00000000d8d00000)
 Metaspace       used 57013K, committed 58432K, reserved 1114112K
  class space    used 6026K, committed 6656K, reserved 1048576K
}

Dll operation events (10 events):
Event: 0.015 Loaded shared library c:\Users\NataliyaDmitriyenko\.vscode\extensions\redhat.java-1.43.2025052308-win32-x64\jre\21.0.7-win32-x86_64\bin\java.dll
Event: 0.041 Loaded shared library c:\Users\NataliyaDmitriyenko\.vscode\extensions\redhat.java-1.43.2025052308-win32-x64\jre\21.0.7-win32-x86_64\bin\zip.dll
Event: 0.081 Loaded shared library C:\Users\NataliyaDmitriyenko\.vscode\extensions\redhat.java-1.43.2025052308-win32-x64\jre\21.0.7-win32-x86_64\bin\instrument.dll
Event: 0.086 Loaded shared library C:\Users\NataliyaDmitriyenko\.vscode\extensions\redhat.java-1.43.2025052308-win32-x64\jre\21.0.7-win32-x86_64\bin\net.dll
Event: 0.088 Loaded shared library C:\Users\NataliyaDmitriyenko\.vscode\extensions\redhat.java-1.43.2025052308-win32-x64\jre\21.0.7-win32-x86_64\bin\nio.dll
Event: 0.090 Loaded shared library C:\Users\NataliyaDmitriyenko\.vscode\extensions\redhat.java-1.43.2025052308-win32-x64\jre\21.0.7-win32-x86_64\bin\zip.dll
Event: 0.102 Loaded shared library C:\Users\NataliyaDmitriyenko\.vscode\extensions\redhat.java-1.43.2025052308-win32-x64\jre\21.0.7-win32-x86_64\bin\jimage.dll
Event: 0.153 Loaded shared library c:\Users\NataliyaDmitriyenko\.vscode\extensions\redhat.java-1.43.2025052308-win32-x64\jre\21.0.7-win32-x86_64\bin\verify.dll
Event: 1.169 Loaded shared library C:\Users\NataliyaDmitriyenko\AppData\Roaming\Code\User\globalStorage\redhat.java\1.43.2025052308\config_win\org.eclipse.equinox.launcher\org.eclipse.equinox.launcher.win32.win32.x86_64_1.2.1300.v20250331-1702\eclipse_11911.dll
Event: 2.699 Loaded shared library C:\Users\NataliyaDmitriyenko\AppData\Local\Temp\jna-400478198\jna4275660860897831870.dll

Deoptimization events (20 events):
Event: 11.785 Thread 0x000001d968995430 Uncommon trap: trap_request=0xffffffbe fr.pc=0x000001d91732b4a0 relative=0x0000000000000be0
Event: 11.786 Thread 0x000001d968995430 Uncommon trap: reason=profile_predicate action=maybe_recompile pc=0x000001d91732b4a0 method=java.util.concurrent.ConcurrentHashMap.putAll(Ljava/util/Map;)V @ 28 c2
Event: 11.786 Thread 0x000001d968995430 DEOPT PACKING pc=0x000001d91732b4a0 sp=0x00000033158fd400
Event: 11.786 Thread 0x000001d968995430 DEOPT UNPACKING pc=0x000001d9167f3aa2 sp=0x00000033158fd3b0 mode 2
Event: 11.793 Thread 0x000001d968995430 Uncommon trap: trap_request=0xffffffbe fr.pc=0x000001d91732b4a0 relative=0x0000000000000be0
Event: 11.793 Thread 0x000001d968995430 Uncommon trap: reason=profile_predicate action=maybe_recompile pc=0x000001d91732b4a0 method=java.util.concurrent.ConcurrentHashMap.putAll(Ljava/util/Map;)V @ 28 c2
Event: 11.793 Thread 0x000001d968995430 DEOPT PACKING pc=0x000001d91732b4a0 sp=0x00000033158fd1a0
Event: 11.793 Thread 0x000001d968995430 DEOPT UNPACKING pc=0x000001d9167f3aa2 sp=0x00000033158fd150 mode 2
Event: 11.793 Thread 0x000001d968995430 Uncommon trap: trap_request=0xffffffbe fr.pc=0x000001d91732b4a0 relative=0x0000000000000be0
Event: 11.793 Thread 0x000001d968995430 Uncommon trap: reason=profile_predicate action=maybe_recompile pc=0x000001d91732b4a0 method=java.util.concurrent.ConcurrentHashMap.putAll(Ljava/util/Map;)V @ 28 c2
Event: 11.793 Thread 0x000001d968995430 DEOPT PACKING pc=0x000001d91732b4a0 sp=0x00000033158fd0f0
Event: 11.793 Thread 0x000001d968995430 DEOPT UNPACKING pc=0x000001d9167f3aa2 sp=0x00000033158fd0a0 mode 2
Event: 11.813 Thread 0x000001d968992cd0 Uncommon trap: trap_request=0xffffff45 fr.pc=0x000001d917292498 relative=0x0000000000000438
Event: 11.813 Thread 0x000001d968992cd0 Uncommon trap: reason=unstable_if action=reinterpret pc=0x000001d917292498 method=org.eclipse.jdt.internal.core.index.DiskIndex.writeStreamChars(Ljava/io/OutputStream;[C)V @ 9 c2
Event: 11.813 Thread 0x000001d968992cd0 DEOPT PACKING pc=0x000001d917292498 sp=0x0000003315cfece0
Event: 11.813 Thread 0x000001d968992cd0 DEOPT UNPACKING pc=0x000001d9167f3aa2 sp=0x0000003315cfec68 mode 2
Event: 11.829 Thread 0x000001d968995430 Uncommon trap: trap_request=0xffffff45 fr.pc=0x000001d916d72c40 relative=0x00000000000003c0
Event: 11.829 Thread 0x000001d968995430 Uncommon trap: reason=unstable_if action=reinterpret pc=0x000001d916d72c40 method=java.lang.ThreadLocal$ThreadLocalMap.set(Ljava/lang/ThreadLocal;Ljava/lang/Object;)V @ 116 c2
Event: 11.829 Thread 0x000001d968995430 DEOPT PACKING pc=0x000001d916d72c40 sp=0x00000033158fe2b0
Event: 11.829 Thread 0x000001d968995430 DEOPT UNPACKING pc=0x000001d9167f3aa2 sp=0x00000033158fe178 mode 2

Classes loaded (20 events):
Event: 7.692 Loading class jdk/internal/module/IllegalAccessLogger
Event: 7.692 Loading class jdk/internal/module/IllegalAccessLogger done
Event: 7.708 Loading class java/util/concurrent/ArrayBlockingQueue
Event: 7.709 Loading class java/util/concurrent/ArrayBlockingQueue done
Event: 7.877 Loading class java/util/Hashtable$ValueCollection
Event: 7.877 Loading class java/util/Hashtable$ValueCollection done
Event: 7.886 Loading class java/util/concurrent/ConcurrentHashMap$KeySpliterator
Event: 7.886 Loading class java/util/concurrent/ConcurrentHashMap$KeySpliterator done
Event: 7.898 Loading class sun/nio/ch/ChannelOutputStream
Event: 7.899 Loading class sun/nio/ch/ChannelOutputStream done
Event: 8.083 Loading class jdk/internal/module/IllegalAccessLogger
Event: 8.083 Loading class jdk/internal/module/IllegalAccessLogger done
Event: 10.098 Loading class sun/nio/cs/ISO_8859_1$Decoder
Event: 10.099 Loading class sun/nio/cs/ISO_8859_1$Decoder done
Event: 10.518 Loading class java/util/stream/DistinctOps
Event: 10.519 Loading class java/util/stream/DistinctOps done
Event: 10.519 Loading class java/util/stream/DistinctOps$1
Event: 10.520 Loading class java/util/stream/DistinctOps$1 done
Event: 10.522 Loading class java/util/stream/DistinctOps$1$2
Event: 10.522 Loading class java/util/stream/DistinctOps$1$2 done

Classes unloaded (7 events):
Event: 3.068 Thread 0x000001d909b820b0 Unloading class 0x000001d9221a5000 'java/lang/invoke/LambdaForm$MH+0x000001d9221a5000'
Event: 3.068 Thread 0x000001d909b820b0 Unloading class 0x000001d9221a4c00 'java/lang/invoke/LambdaForm$MH+0x000001d9221a4c00'
Event: 3.068 Thread 0x000001d909b820b0 Unloading class 0x000001d9221a4800 'java/lang/invoke/LambdaForm$MH+0x000001d9221a4800'
Event: 3.068 Thread 0x000001d909b820b0 Unloading class 0x000001d9221a4400 'java/lang/invoke/LambdaForm$MH+0x000001d9221a4400'
Event: 3.068 Thread 0x000001d909b820b0 Unloading class 0x000001d9221a4000 'java/lang/invoke/LambdaForm$BMH+0x000001d9221a4000'
Event: 3.068 Thread 0x000001d909b820b0 Unloading class 0x000001d9221a3c00 'java/lang/invoke/LambdaForm$DMH+0x000001d9221a3c00'
Event: 3.068 Thread 0x000001d909b820b0 Unloading class 0x000001d9221a2c00 'java/lang/invoke/LambdaForm$DMH+0x000001d9221a2c00'

Classes redefined (0 events):
No events

Internal exceptions (20 events):
Event: 7.894 Thread 0x000001d968995430 Exception <a 'java/lang/NoSuchMethodError'{0x00000000eab2e3a0}: 'java.lang.Object java.lang.invoke.DirectMethodHandle$Holder.newInvokeSpecial(java.lang.Object, java.lang.Object, int, int, java.lang.Object)'> (0x00000000eab2e3a0) 
thrown [s\src\hotspot\share\interpreter\linkResolver.cpp, line 773]
Event: 7.928 Thread 0x000001d968995430 Exception <a 'sun/nio/fs/WindowsException'{0x00000000ead5bbf8}> (0x00000000ead5bbf8) 
thrown [s\src\hotspot\share\prims\jni.cpp, line 520]
Event: 7.929 Thread 0x000001d96a6b2e30 Exception <a 'sun/nio/fs/WindowsException'{0x00000000ead971e0}> (0x00000000ead971e0) 
thrown [s\src\hotspot\share\prims\jni.cpp, line 520]
Event: 7.931 Thread 0x000001d96a6b4870 Exception <a 'sun/nio/fs/WindowsException'{0x00000000eab001e0}> (0x00000000eab001e0) 
thrown [s\src\hotspot\share\prims\jni.cpp, line 520]
Event: 8.100 Thread 0x000001d968995430 Exception <a 'sun/nio/fs/WindowsException'{0x00000000eab69fe8}> (0x00000000eab69fe8) 
thrown [s\src\hotspot\share\prims\jni.cpp, line 520]
Event: 8.101 Thread 0x000001d968995430 Exception <a 'sun/nio/fs/WindowsException'{0x00000000eab6a6c0}> (0x00000000eab6a6c0) 
thrown [s\src\hotspot\share\prims\jni.cpp, line 520]
Event: 8.576 Thread 0x000001d968995430 Exception <a 'java/lang/NoSuchMethodError'{0x00000000ead06ce8}: 'void java.lang.invoke.DirectMethodHandle$Holder.invokeStatic(java.lang.Object, java.lang.Object, java.lang.Object, int)'> (0x00000000ead06ce8) 
thrown [s\src\hotspot\share\interpreter\linkResolver.cpp, line 773]
Event: 8.610 Thread 0x000001d968995430 Exception <a 'java/lang/NoSuchMethodError'{0x00000000eaef5b48}: 'void java.lang.invoke.DirectMethodHandle$Holder.invokeVirtual(java.lang.Object, java.lang.Object, int)'> (0x00000000eaef5b48) 
thrown [s\src\hotspot\share\interpreter\linkResolver.cpp, line 773]
Event: 9.811 Thread 0x000001d968995430 Exception <a 'java/lang/NoSuchMethodError'{0x00000000eafa61d0}: 'void java.lang.invoke.DirectMethodHandle$Holder.invokeInterface(java.lang.Object, java.lang.Object)'> (0x00000000eafa61d0) 
thrown [s\src\hotspot\share\interpreter\linkResolver.cpp, line 773]
Event: 9.920 Thread 0x000001d9741a9950 Implicit null exception at 0x000001d9172b8b63 to 0x000001d9172b8f78
Event: 10.272 Thread 0x000001d968995430 Implicit null exception at 0x000001d9172fc7a2 to 0x000001d9172fc958
Event: 10.278 Thread 0x000001d968995430 Implicit null exception at 0x000001d917301f22 to 0x000001d9173020d8
Event: 10.530 Thread 0x000001d968995430 Exception <a 'java/lang/NoSuchMethodError'{0x00000000eab550f8}: 'java.lang.Object java.lang.invoke.DirectMethodHandle$Holder.newInvokeSpecial(java.lang.Object, java.lang.Object, int, java.lang.Object, java.lang.Object)'> (0x00000000eab550f8) 
thrown [s\src\hotspot\share\interpreter\linkResolver.cpp, line 773]
Event: 10.540 Thread 0x000001d968995430 Exception <a 'java/lang/NoSuchMethodError'{0x00000000eabf36b0}: 'java.lang.Object java.lang.invoke.DirectMethodHandle$Holder.invokeSpecial(java.lang.Object, java.lang.Object, java.lang.Object, int, java.lang.Object, java.lang.Object, java.lang.Object)'> (0x00000000eabf36b0) 
thrown [s\src\hotspot\share\interpreter\linkResolver.cpp, line 773]
Event: 10.586 Thread 0x000001d968995430 Exception <a 'java/lang/NoSuchMethodError'{0x00000000eace26c0}: 'java.lang.Object java.lang.invoke.DirectMethodHandle$Holder.invokeStatic(java.lang.Object, java.lang.Object, int, java.lang.Object, java.lang.Object)'> (0x00000000eace26c0) 
thrown [s\src\hotspot\share\interpreter\linkResolver.cpp, line 773]
Event: 10.587 Thread 0x000001d968995430 Exception <a 'java/lang/NoSuchMethodError'{0x00000000eacf2d60}: 'java.lang.Object java.lang.invoke.DirectMethodHandle$Holder.newInvokeSpecial(java.lang.Object, java.lang.Object, int)'> (0x00000000eacf2d60) 
thrown [s\src\hotspot\share\interpreter\linkResolver.cpp, line 773]
Event: 10.613 Thread 0x000001d968995430 Exception <a 'java/lang/NoSuchMethodError'{0x00000000eac3ecf0}: 'void java.lang.invoke.DirectMethodHandle$Holder.invokeStatic(java.lang.Object, int)'> (0x00000000eac3ecf0) 
thrown [s\src\hotspot\share\interpreter\linkResolver.cpp, line 773]
Event: 11.823 Thread 0x000001d968995430 Exception <a 'java/io/FileNotFoundException'{0x00000000eac7d818}> (0x00000000eac7d818) 
thrown [s\src\hotspot\share\prims\jni.cpp, line 520]
Event: 11.823 Thread 0x000001d968995430 Exception <a 'java/io/FileNotFoundException'{0x00000000eac7f050}> (0x00000000eac7f050) 
thrown [s\src\hotspot\share\prims\jni.cpp, line 520]
Event: 11.823 Thread 0x000001d968995430 Exception <a 'java/io/FileNotFoundException'{0x00000000eac80708}> (0x00000000eac80708) 
thrown [s\src\hotspot\share\prims\jni.cpp, line 520]

ZGC Phase Switch (0 events):
No events

VM Operations (20 events):
Event: 10.494 Executing VM operation: ParallelGCFailedAllocation (Allocation Failure) done
Event: 10.522 Executing VM operation: HandshakeAllThreads (Deoptimize)
Event: 10.522 Executing VM operation: HandshakeAllThreads (Deoptimize) done
Event: 10.524 Executing VM operation: ParallelGCFailedAllocation (Allocation Failure)
Event: 10.530 Executing VM operation: ParallelGCFailedAllocation (Allocation Failure) done
Event: 10.551 Executing VM operation: ParallelGCFailedAllocation (Allocation Failure)
Event: 10.556 Executing VM operation: ParallelGCFailedAllocation (Allocation Failure) done
Event: 10.593 Executing VM operation: ParallelGCFailedAllocation (Allocation Failure)
Event: 10.599 Executing VM operation: ParallelGCFailedAllocation (Allocation Failure) done
Event: 10.636 Executing VM operation: ParallelGCFailedAllocation (Allocation Failure)
Event: 10.644 Executing VM operation: ParallelGCFailedAllocation (Allocation Failure) done
Event: 10.669 Executing VM operation: ParallelGCFailedAllocation (Allocation Failure)
Event: 10.673 Executing VM operation: ParallelGCFailedAllocation (Allocation Failure) done
Event: 10.715 Executing VM operation: ParallelGCFailedAllocation (Allocation Failure)
Event: 10.723 Executing VM operation: ParallelGCFailedAllocation (Allocation Failure) done
Event: 10.760 Executing VM operation: ParallelGCFailedAllocation (Allocation Failure)
Event: 11.781 Executing VM operation: ParallelGCFailedAllocation (Allocation Failure) done
Event: 11.802 Executing VM operation: ParallelGCFailedAllocation (Allocation Failure)
Event: 11.806 Executing VM operation: ParallelGCFailedAllocation (Allocation Failure) done
Event: 11.845 Executing VM operation: ParallelGCFailedAllocation (Allocation Failure)

Memory protections (0 events):
No events

Nmethod flushes (20 events):
Event: 4.193 Thread 0x000001d909b820b0 flushing  nmethod 0x000001d90f8e3910
Event: 4.193 Thread 0x000001d909b820b0 flushing  nmethod 0x000001d90f8e4110
Event: 4.193 Thread 0x000001d909b820b0 flushing  nmethod 0x000001d90f8e4890
Event: 4.193 Thread 0x000001d909b820b0 flushing  nmethod 0x000001d90f8e4d90
Event: 4.193 Thread 0x000001d909b820b0 flushing  nmethod 0x000001d90f8e6610
Event: 4.193 Thread 0x000001d909b820b0 flushing  nmethod 0x000001d90f8e6b10
Event: 4.193 Thread 0x000001d909b820b0 flushing  nmethod 0x000001d90f8e7810
Event: 4.193 Thread 0x000001d909b820b0 flushing  nmethod 0x000001d90f8e7c90
Event: 4.193 Thread 0x000001d909b820b0 flushing  nmethod 0x000001d90f8e8f10
Event: 4.193 Thread 0x000001d909b820b0 flushing  nmethod 0x000001d90f8f3e10
Event: 4.193 Thread 0x000001d909b820b0 flushing  nmethod 0x000001d90f905c90
Event: 4.193 Thread 0x000001d909b820b0 flushing  nmethod 0x000001d90f919410
Event: 4.193 Thread 0x000001d909b820b0 flushing  nmethod 0x000001d90f91e390
Event: 4.193 Thread 0x000001d909b820b0 flushing  nmethod 0x000001d90f924010
Event: 4.193 Thread 0x000001d909b820b0 flushing  nmethod 0x000001d90f925590
Event: 4.193 Thread 0x000001d909b820b0 flushing  nmethod 0x000001d90f930790
Event: 4.193 Thread 0x000001d909b820b0 flushing  nmethod 0x000001d90f9bae90
Event: 4.193 Thread 0x000001d909b820b0 flushing  nmethod 0x000001d90f9cc290
Event: 4.193 Thread 0x000001d909b820b0 flushing  nmethod 0x000001d90f9cc710
Event: 4.193 Thread 0x000001d909b820b0 flushing  nmethod 0x000001d90f9e6b90

Events (20 events):
Event: 6.325 Thread 0x000001d96a6b4870 Thread added: 0x000001d96a6b7cf0
Event: 6.362 Thread 0x000001d968995430 Thread added: 0x000001d96a6b6fd0
Event: 6.362 Thread 0x000001d968995430 Thread added: 0x000001d96a6b7660
Event: 6.362 Thread 0x000001d968995430 Thread added: 0x000001d96a6b8a10
Event: 6.362 Thread 0x000001d968995430 Thread added: 0x000001d96a6b5590
Event: 7.709 Thread 0x000001d968995430 Thread added: 0x000001d9741a5e40
Event: 7.895 Thread 0x000001d968995430 Thread added: 0x000001d9741a64d0
Event: 7.943 Thread 0x000001d968995430 Thread added: 0x000001d9741a7f10
Event: 8.086 Thread 0x000001d968995430 Thread added: 0x000001d9741a6b60
Event: 8.127 Thread 0x000001d9689eed10 Thread exited: 0x000001d9689eed10
Event: 9.823 Thread 0x000001d968995430 Thread added: 0x000001d9741a9950
Event: 9.824 Thread 0x000001d968995430 Thread added: 0x000001d9741aba20
Event: 9.824 Thread 0x000001d968995430 Thread added: 0x000001d9741ab390
Event: 9.824 Thread 0x000001d968995430 Thread added: 0x000001d9741aad00
Event: 9.826 Thread 0x000001d968995430 Thread added: 0x000001d9741ac0b0
Event: 10.259 Thread 0x000001d9741aad00 Thread exited: 0x000001d9741aad00
Event: 10.259 Thread 0x000001d9741a9950 Thread exited: 0x000001d9741a9950
Event: 10.259 Thread 0x000001d9741ac0b0 Thread exited: 0x000001d9741ac0b0
Event: 10.259 Thread 0x000001d9741aba20 Thread exited: 0x000001d9741aba20
Event: 10.259 Thread 0x000001d9741ab390 Thread exited: 0x000001d9741ab390


Dynamic libraries:
0x00007ff7368b0000 - 0x00007ff7368be000 	c:\Users\NataliyaDmitriyenko\.vscode\extensions\redhat.java-1.43.2025052308-win32-x64\jre\21.0.7-win32-x86_64\bin\java.exe
0x00007fff62be0000 - 0x00007fff62e40000 	C:\WINDOWS\SYSTEM32\ntdll.dll
0x00007fff28710000 - 0x00007fff2872a000 	C:\Program Files\Avast Software\Avast\aswhook.dll
0x00007fff61070000 - 0x00007fff61137000 	C:\WINDOWS\System32\KERNEL32.DLL
0x00007fff603c0000 - 0x00007fff6078a000 	C:\WINDOWS\System32\KERNELBASE.dll
0x00007fff5ffc0000 - 0x00007fff6010b000 	C:\WINDOWS\System32\ucrtbase.dll
0x00007fff5b860000 - 0x00007fff5b878000 	c:\Users\NataliyaDmitriyenko\.vscode\extensions\redhat.java-1.43.2025052308-win32-x64\jre\21.0.7-win32-x86_64\bin\jli.dll
0x00007fff5b550000 - 0x00007fff5b56e000 	c:\Users\NataliyaDmitriyenko\.vscode\extensions\redhat.java-1.43.2025052308-win32-x64\jre\21.0.7-win32-x86_64\bin\VCRUNTIME140.dll
0x00007fff62660000 - 0x00007fff6282c000 	C:\WINDOWS\System32\USER32.dll
0x00007fff60910000 - 0x00007fff60937000 	C:\WINDOWS\System32\win32u.dll
0x00007fff61fa0000 - 0x00007fff61fca000 	C:\WINDOWS\System32\GDI32.dll
0x00007fff40390000 - 0x00007fff40627000 	C:\WINDOWS\WinSxS\amd64_microsoft.windows.common-controls_6595b64144ccf1df_6.0.26100.3624_none_3e086962e3345f24\COMCTL32.dll
0x00007fff60280000 - 0x00007fff603b1000 	C:\WINDOWS\System32\gdi32full.dll
0x00007fff601d0000 - 0x00007fff60273000 	C:\WINDOWS\System32\msvcp_win.dll
0x00007fff60f10000 - 0x00007fff60fb9000 	C:\WINDOWS\System32\msvcrt.dll
0x00007fff615d0000 - 0x00007fff615ff000 	C:\WINDOWS\System32\IMM32.DLL
0x00007fff5c300000 - 0x00007fff5c30c000 	c:\Users\NataliyaDmitriyenko\.vscode\extensions\redhat.java-1.43.2025052308-win32-x64\jre\21.0.7-win32-x86_64\bin\vcruntime140_1.dll
0x00007fff2e940000 - 0x00007fff2e9cd000 	c:\Users\NataliyaDmitriyenko\.vscode\extensions\redhat.java-1.43.2025052308-win32-x64\jre\21.0.7-win32-x86_64\bin\msvcp140.dll
0x00007ffe97230000 - 0x00007ffe97fc0000 	c:\Users\NataliyaDmitriyenko\.vscode\extensions\redhat.java-1.43.2025052308-win32-x64\jre\21.0.7-win32-x86_64\bin\server\jvm.dll
0x00007fff620c0000 - 0x00007fff62172000 	C:\WINDOWS\System32\ADVAPI32.dll
0x00007fff609e0000 - 0x00007fff60a86000 	C:\WINDOWS\System32\sechost.dll
0x00007fff60bf0000 - 0x00007fff60d06000 	C:\WINDOWS\System32\RPCRT4.dll
0x00007fff61f20000 - 0x00007fff61f94000 	C:\WINDOWS\System32\WS2_32.dll
0x00007fff5d3a0000 - 0x00007fff5d3d6000 	C:\WINDOWS\SYSTEM32\WINMM.dll
0x00007fff5fc30000 - 0x00007fff5fc8e000 	C:\WINDOWS\SYSTEM32\POWRPROF.dll
0x00007fff538d0000 - 0x00007fff538db000 	C:\WINDOWS\SYSTEM32\VERSION.dll
0x00007fff5fbf0000 - 0x00007fff5fc04000 	C:\WINDOWS\SYSTEM32\UMPDC.dll
0x00007fff5ea70000 - 0x00007fff5ea8a000 	C:\WINDOWS\SYSTEM32\kernel.appcore.dll
0x00007fff5bf50000 - 0x00007fff5bf5a000 	c:\Users\NataliyaDmitriyenko\.vscode\extensions\redhat.java-1.43.2025052308-win32-x64\jre\21.0.7-win32-x86_64\bin\jimage.dll
0x00007fff5cf60000 - 0x00007fff5d1a1000 	C:\WINDOWS\SYSTEM32\DBGHELP.DLL
0x00007fff62230000 - 0x00007fff625b2000 	C:\WINDOWS\System32\combase.dll
0x00007fff61fe0000 - 0x00007fff620b6000 	C:\WINDOWS\System32\OLEAUT32.dll
0x00007fff5d360000 - 0x00007fff5d399000 	C:\WINDOWS\SYSTEM32\dbgcore.DLL
0x00007fff60940000 - 0x00007fff609d9000 	C:\WINDOWS\System32\bcryptPrimitives.dll
0x00007fff5b9d0000 - 0x00007fff5b9df000 	c:\Users\NataliyaDmitriyenko\.vscode\extensions\redhat.java-1.43.2025052308-win32-x64\jre\21.0.7-win32-x86_64\bin\instrument.dll
0x00007fff5afd0000 - 0x00007fff5afef000 	c:\Users\NataliyaDmitriyenko\.vscode\extensions\redhat.java-1.43.2025052308-win32-x64\jre\21.0.7-win32-x86_64\bin\java.dll
0x00007fff61610000 - 0x00007fff61d39000 	C:\WINDOWS\System32\SHELL32.dll
0x00007fff5fdc0000 - 0x00007fff5ff28000 	C:\WINDOWS\System32\wintypes.dll
0x00007fff5d6f0000 - 0x00007fff5df42000 	C:\WINDOWS\SYSTEM32\windows.storage.dll
0x00007fff60a90000 - 0x00007fff60b7d000 	C:\WINDOWS\System32\SHCORE.dll
0x00007fff62830000 - 0x00007fff62894000 	C:\WINDOWS\System32\shlwapi.dll
0x00007fff5fcd0000 - 0x00007fff5fcff000 	C:\WINDOWS\SYSTEM32\profapi.dll
0x00007fff4a930000 - 0x00007fff4a948000 	c:\Users\NataliyaDmitriyenko\.vscode\extensions\redhat.java-1.43.2025052308-win32-x64\jre\21.0.7-win32-x86_64\bin\zip.dll
0x00007fff5a770000 - 0x00007fff5a780000 	C:\Users\NataliyaDmitriyenko\.vscode\extensions\redhat.java-1.43.2025052308-win32-x64\jre\21.0.7-win32-x86_64\bin\net.dll
0x00007fff5ea90000 - 0x00007fff5ebad000 	C:\WINDOWS\SYSTEM32\WINHTTP.dll
0x00007fff5f090000 - 0x00007fff5f0fa000 	C:\WINDOWS\system32\mswsock.dll
0x00007fff478b0000 - 0x00007fff478c6000 	C:\Users\NataliyaDmitriyenko\.vscode\extensions\redhat.java-1.43.2025052308-win32-x64\jre\21.0.7-win32-x86_64\bin\nio.dll
0x00007fff59ff0000 - 0x00007fff5a000000 	c:\Users\NataliyaDmitriyenko\.vscode\extensions\redhat.java-1.43.2025052308-win32-x64\jre\21.0.7-win32-x86_64\bin\verify.dll
0x00007fff39730000 - 0x00007fff39775000 	C:\Users\NataliyaDmitriyenko\AppData\Roaming\Code\User\globalStorage\redhat.java\1.43.2025052308\config_win\org.eclipse.equinox.launcher\org.eclipse.equinox.launcher.win32.win32.x86_64_1.2.1300.v20250331-1702\eclipse_11911.dll
0x00007fff60d20000 - 0x00007fff60eb6000 	C:\WINDOWS\System32\ole32.dll
0x00007fff5f440000 - 0x00007fff5f45c000 	C:\WINDOWS\SYSTEM32\CRYPTSP.dll
0x00007fff5e9d0000 - 0x00007fff5ea0a000 	C:\WINDOWS\system32\rsaenh.dll
0x00007fff5f130000 - 0x00007fff5f15b000 	C:\WINDOWS\SYSTEM32\USERENV.dll
0x00007fff5fca0000 - 0x00007fff5fcc6000 	C:\WINDOWS\SYSTEM32\bcrypt.dll
0x00007fff5f2c0000 - 0x00007fff5f2cc000 	C:\WINDOWS\SYSTEM32\CRYPTBASE.dll
0x00007fff5e2c0000 - 0x00007fff5e2f3000 	C:\WINDOWS\SYSTEM32\IPHLPAPI.DLL
0x00007fff60be0000 - 0x00007fff60bea000 	C:\WINDOWS\System32\NSI.dll
0x00007fff31ce0000 - 0x00007fff31d29000 	C:\Users\NataliyaDmitriyenko\AppData\Local\Temp\jna-400478198\jna4275660860897831870.dll
0x00007fff60d10000 - 0x00007fff60d18000 	C:\WINDOWS\System32\PSAPI.DLL
0x00007fff571c0000 - 0x00007fff571df000 	C:\WINDOWS\SYSTEM32\dhcpcsvc6.DLL
0x00007fff57180000 - 0x00007fff571a5000 	C:\WINDOWS\SYSTEM32\dhcpcsvc.DLL

dbghelp: loaded successfully - version: 4.0.5 - missing functions: none
symbol engine: initialized successfully - sym options: 0x614 - pdb path: .;c:\Users\NataliyaDmitriyenko\.vscode\extensions\redhat.java-1.43.2025052308-win32-x64\jre\21.0.7-win32-x86_64\bin;C:\WINDOWS\SYSTEM32;C:\Program Files\Avast Software\Avast;C:\WINDOWS\WinSxS\amd64_microsoft.windows.common-controls_6595b64144ccf1df_6.0.26100.3624_none_3e086962e3345f24;c:\Users\NataliyaDmitriyenko\.vscode\extensions\redhat.java-1.43.2025052308-win32-x64\jre\21.0.7-win32-x86_64\bin\server;C:\Users\NataliyaDmitriyenko\AppData\Roaming\Code\User\globalStorage\redhat.java\1.43.2025052308\config_win\org.eclipse.equinox.launcher\org.eclipse.equinox.launcher.win32.win32.x86_64_1.2.1300.v20250331-1702;C:\Users\NataliyaDmitriyenko\AppData\Local\Temp\jna-400478198

VM Arguments:
jvm_args: --add-modules=ALL-SYSTEM --add-opens=java.base/java.util=ALL-UNNAMED --add-opens=java.base/java.lang=ALL-UNNAMED --add-opens=java.base/sun.nio.fs=ALL-UNNAMED -Declipse.application=org.eclipse.jdt.ls.core.id1 -Dosgi.bundles.defaultStartLevel=4 -Declipse.product=org.eclipse.jdt.ls.core.product -Djava.import.generatesMetadataFilesAtProjectRoot=false -DDetectVMInstallationsJob.disabled=true -Dfile.encoding=utf8 -XX:+UseParallelGC -XX:GCTimeRatio=4 -XX:AdaptiveSizePolicyWeight=90 -Dsun.zip.disableMemoryMapping=true -Xmx1G -Xms100m -Xlog:disable -javaagent:c:\Users\NataliyaDmitriyenko\.vscode\extensions\redhat.java-1.43.2025052308-win32-x64\lombok\lombok-1.18.36.jar -XX:+HeapDumpOnOutOfMemoryError -XX:HeapDumpPath=c:\Users\NataliyaDmitriyenko\AppData\Roaming\Code\User\workspaceStorage\65ec7478522f7bd1bb10768280e073b5\redhat.java -Daether.dependencyCollector.impl=bf 
java_command: c:\Users\NataliyaDmitriyenko\.vscode\extensions\redhat.java-1.43.2025052308-win32-x64\server\plugins\org.eclipse.equinox.launcher_1.7.0.v20250519-0528.jar -configuration c:\Users\NataliyaDmitriyenko\AppData\Roaming\Code\User\globalStorage\redhat.java\1.43.2025052308\config_win -data c:\Users\NataliyaDmitriyenko\AppData\Roaming\Code\User\workspaceStorage\65ec7478522f7bd1bb10768280e073b5\redhat.java\jdt_ws --pipe=\\.\pipe\lsp-26ea220def28275cc6b872c1551e18a4-sock
java_class_path (initial): c:\Users\NataliyaDmitriyenko\.vscode\extensions\redhat.java-1.43.2025052308-win32-x64\server\plugins\org.eclipse.equinox.launcher_1.7.0.v20250519-0528.jar
Launcher Type: SUN_STANDARD

[Global flags]
    uintx AdaptiveSizePolicyWeight                 = 90                                        {product} {command line}
     intx CICompilerCount                          = 4                                         {product} {ergonomic}
    uintx GCTimeRatio                              = 4                                         {product} {command line}
     bool HeapDumpOnOutOfMemoryError               = true                                   {manageable} {command line}
    ccstr HeapDumpPath                             = c:\Users\NataliyaDmitriyenko\AppData\Roaming\Code\User\workspaceStorage\65ec7478522f7bd1bb10768280e073b5\redhat.java         {manageable} {command line}
   size_t InitialHeapSize                          = 104857600                                 {product} {command line}
   size_t MaxHeapSize                              = 1073741824                                {product} {command line}
   size_t MaxNewSize                               = 357564416                                 {product} {ergonomic}
   size_t MinHeapDeltaBytes                        = 524288                                    {product} {ergonomic}
   size_t MinHeapSize                              = 104857600                                 {product} {command line}
   size_t NewSize                                  = 34603008                                  {product} {ergonomic}
    uintx NonNMethodCodeHeapSize                   = 5839372                                {pd product} {ergonomic}
    uintx NonProfiledCodeHeapSize                  = 122909434                              {pd product} {ergonomic}
   size_t OldSize                                  = 70254592                                  {product} {ergonomic}
    uintx ProfiledCodeHeapSize                     = 122909434                              {pd product} {ergonomic}
    uintx ReservedCodeCacheSize                    = 251658240                              {pd product} {ergonomic}
     bool SegmentedCodeCache                       = true                                      {product} {ergonomic}
   size_t SoftMaxHeapSize                          = 1073741824                             {manageable} {ergonomic}
     bool UseCompressedOops                        = true                           {product lp64_product} {ergonomic}
     bool UseLargePagesIndividualAllocation        = false                                  {pd product} {ergonomic}
     bool UseParallelGC                            = true                                      {product} {command line}

Logging:
Log output configuration:
 #0: stdout all=off uptime,level,tags foldmultilines=false
 #1: stderr all=off uptime,level,tags foldmultilines=false

Environment Variables:
JAVA_HOME=C:\Users\NataliyaDmitriyenko\.jdks\jdk-17.0.14+7
PATH=C:\WINDOWS\system32;C:\WINDOWS;C:\WINDOWS\System32\Wbem;C:\WINDOWS\System32\WindowsPowerShell\v1.0\;C:\WINDOWS\System32\OpenSSH\;C:\Program Files\dotnet\;C:\Program Files\Git\cmd;C:\Program Files\nodejs\;C:\Users\NataliyaDmitriyenko\AppData\Local\Microsoft\WindowsApps;C:\Users\NataliyaDmitriyenko\AppData\Local\Programs\Microsoft VS Code\bin;C:\Users\NataliyaDmitriyenko\.m2\wrapper\dists\apache-maven-3.9.9\bin;C:\Users\NataliyaDmitriyenko\AppData\Roaming\npm;C:\Users\NataliyaDmitriyenko\.jdks\jdk-21.0.6+7\bin;;C:\Program Files\Docker\Docker\resources\bin;C:\WINDOWS\system32;C:\WINDOWS;C:\WINDOWS\System32\Wbem;C:\WINDOWS\System32\WindowsPowerShell\v1.0\;C:\WINDOWS\System32\OpenSSH\;C:\Program Files\dotnet\;C:\Program Files\Docker\Docker\resources\bin;C:\Program Files\Git\cmd;C:\Program Files\nodejs\;C:\Users\NataliyaDmitriyenko\AppData\Local\Microsoft\WindowsApps;C:\Users\NataliyaDmitriyenko\AppData\Local\Programs\Microsoft VS Code\bin;C:\Users\NataliyaDmitriyenko\.m2\wrapper\dists\apache-maven-3.9.9\bin;C:\Users\NataliyaDmitriyenko\AppData\Roaming\npm;C:\Users\NataliyaDmitriyenko\.jdks\jdk-21.0.6+7\bin;C:\WINDOWS\system32;C:\WINDOWS;C:\WINDOWS\System32\Wbem;C:\WINDOWS\System32\WindowsPowerShell\v1.0\;C:\WINDOWS\System32\OpenSSH\;C:\Program Files\dotnet\;C:\Program Files\Docker\Docker\resources\bin;C:\Program Files\Git\cmd;C:\Program Files\nodejs\;C:\Users\NataliyaDmitriyenko\AppData\Local\Microsoft\WindowsApps;C:\Users\NataliyaDmitriyenko\AppData\Local\Programs\Microsoft VS Code\bin;C:\Users\NataliyaDmitriyenko\.m2\wrapper\dists\apache-maven-3.9.9\bin;C:\Users\NataliyaDmitriyenko\AppData\Roaming\npm;C:\Users\NataliyaDmitriyenko\AppData\Local\Microsoft\WindowsApps;C:\Users\NataliyaDmitriyenko\AppData\Local\Programs\Microsoft VS Code\bin;C:\Users\NataliyaDmitriyenko\.m2\wrapper\dists\apache-maven-3.9.9\bin;C:\Users\NataliyaDmitriyenko\AppData\Roaming\npm;C:\Users\NataliyaDmitriyenko\.jdks\jdk-21.0.6+7\bin;C:\Users\NataliyaDmitriyenko\.jdks\jdk-21.0.6+7\bin
USERNAME=NataliyaDmitriyenko
OS=Windows_NT
PROCESSOR_IDENTIFIER=Intel64 Family 6 Model 186 Stepping 3, GenuineIntel
TMP=C:\Users\NATALI~1\AppData\Local\Temp
TEMP=C:\Users\NATALI~1\AppData\Local\Temp




Periodic native trim disabled

---------------  S Y S T E M  ---------------

OS:
 Windows 11 , 64 bit Build 26100 (10.0.26100.3775)
OS uptime: 17 days 8:36 hours
Hyper-V role detected

CPU: total 12 (initial active 12) (6 cores per cpu, 2 threads per core) family 6 model 186 stepping 3 microcode 0x4123, cx8, cmov, fxsr, ht, mmx, 3dnowpref, sse, sse2, sse3, ssse3, sse4.1, sse4.2, popcnt, lzcnt, tsc, tscinvbit, avx, avx2, aes, erms, clmul, bmi1, bmi2, adx, sha, fma, vzeroupper, clflush, clflushopt, clwb, hv, serialize, rdtscp, rdpid, fsrm, f16c, cet_ibt, cet_ss
Processor Information for the first 12 processors :
  Max Mhz: 1300, Current Mhz: 1300, Mhz Limit: 1300

Memory: 4k page, system-wide physical 16068M (771M free)
TotalPageFile size 65220M (AvailPageFile size 4M)
current process WorkingSet (physical memory assigned to process): 735M, peak: 739M
current process commit charge ("private bytes"): 669M, peak: 671M

vm_info: OpenJDK 64-Bit Server VM (21.0.7+6-LTS) for windows-amd64 JRE (21.0.7+6-LTS), built on 2025-04-15T00:00:00Z by "admin" with MS VC++ 17.7 (VS2022)

END.
